{"C:\\UniBe\\ese\\team9\\ESE-2019-Project\\backend\\api\\.dev\\tests\\tests.js":{"path":"C:\\UniBe\\ese\\team9\\ESE-2019-Project\\backend\\api\\.dev\\tests\\tests.js","statementMap":{"0":{"start":{"line":1,"column":0},"end":{"line":1,"column":24}},"1":{"start":{"line":2,"column":0},"end":{"line":2,"column":25}},"2":{"start":{"line":3,"column":0},"end":{"line":3,"column":30}},"3":{"start":{"line":4,"column":0},"end":{"line":4,"column":23}},"4":{"start":{"line":5,"column":0},"end":{"line":5,"column":29}},"5":{"start":{"line":6,"column":0},"end":{"line":6,"column":27}},"6":{"start":{"line":7,"column":0},"end":{"line":7,"column":32}},"7":{"start":{"line":8,"column":0},"end":{"line":8,"column":26}},"8":{"start":{"line":9,"column":0},"end":{"line":9,"column":24}}},"fnMap":{},"branchMap":{},"s":{"0":1,"1":1,"2":1,"3":1,"4":1,"5":1,"6":1,"7":1,"8":1},"f":{},"b":{},"_coverageSchema":"43e27e138ebf9cfc5966b082cf9a028302ed4184","hash":"6ae79bdd4033b0569ee8957a828b6c31b701634c","contentHash":"a2cd01995ecbecc87178ce3a5333f42e7fe60c043b9d06e3c72fd2200d61e5ee"},"C:\\UniBe\\ese\\team9\\ESE-2019-Project\\backend\\api\\.dev\\tests\\user\\login.js":{"path":"C:\\UniBe\\ese\\team9\\ESE-2019-Project\\backend\\api\\.dev\\tests\\user\\login.js","statementMap":{"0":{"start":{"line":1,"column":22},"end":{"line":1,"column":51}},"1":{"start":{"line":2,"column":13},"end":{"line":2,"column":28}},"2":{"start":{"line":3,"column":17},"end":{"line":3,"column":37}},"3":{"start":{"line":4,"column":15},"end":{"line":4,"column":26}},"4":{"start":{"line":5,"column":0},"end":{"line":5,"column":19}},"5":{"start":{"line":6,"column":12},"end":{"line":6,"column":40}},"6":{"start":{"line":7,"column":16},"end":{"line":7,"column":33}},"7":{"start":{"line":9,"column":0},"end":{"line":66,"column":2}},"8":{"start":{"line":14,"column":4},"end":{"line":23,"column":7}},"9":{"start":{"line":15,"column":8},"end":{"line":22,"column":9}},"10":{"start":{"line":16,"column":29},"end":{"line":16,"column":57}},"11":{"start":{"line":17,"column":12},"end":{"line":17,"column":28}},"12":{"start":{"line":18,"column":12},"end":{"line":18,"column":29}},"13":{"start":{"line":19,"column":12},"end":{"line":19,"column":70}},"14":{"start":{"line":21,"column":12},"end":{"line":21,"column":52}},"15":{"start":{"line":25,"column":4},"end":{"line":27,"column":7}},"16":{"start":{"line":26,"column":7},"end":{"line":26,"column":31}},"17":{"start":{"line":29,"column":4},"end":{"line":44,"column":7}},"18":{"start":{"line":30,"column":8},"end":{"line":43,"column":11}},"19":{"start":{"line":34,"column":12},"end":{"line":39,"column":13}},"20":{"start":{"line":35,"column":16},"end":{"line":35,"column":46}},"21":{"start":{"line":36,"column":16},"end":{"line":36,"column":23}},"22":{"start":{"line":38,"column":16},"end":{"line":38,"column":26}},"23":{"start":{"line":42,"column":12},"end":{"line":42,"column":22}},"24":{"start":{"line":46,"column":4},"end":{"line":65,"column":7}},"25":{"start":{"line":47,"column":8},"end":{"line":47,"column":39}},"26":{"start":{"line":48,"column":8},"end":{"line":64,"column":10}},"27":{"start":{"line":52,"column":12},"end":{"line":60,"column":13}},"28":{"start":{"line":53,"column":16},"end":{"line":53,"column":46}},"29":{"start":{"line":54,"column":16},"end":{"line":54,"column":76}},"30":{"start":{"line":55,"column":16},"end":{"line":55,"column":79}},"31":{"start":{"line":56,"column":16},"end":{"line":56,"column":63}},"32":{"start":{"line":57,"column":16},"end":{"line":57,"column":70}},"33":{"start":{"line":59,"column":16},"end":{"line":59,"column":27}},"34":{"start":{"line":63,"column":12},"end":{"line":63,"column":23}}},"fnMap":{"0":{"name":"(anonymous_0)","decl":{"start":{"line":9,"column":23},"end":{"line":9,"column":24}},"loc":{"start":{"line":9,"column":27},"end":{"line":66,"column":1}},"line":9},"1":{"name":"(anonymous_1)","decl":{"start":{"line":14,"column":11},"end":{"line":14,"column":12}},"loc":{"start":{"line":14,"column":20},"end":{"line":23,"column":5}},"line":14},"2":{"name":"(anonymous_2)","decl":{"start":{"line":25,"column":10},"end":{"line":25,"column":11}},"loc":{"start":{"line":25,"column":14},"end":{"line":27,"column":5}},"line":25},"3":{"name":"(anonymous_3)","decl":{"start":{"line":29,"column":27},"end":{"line":29,"column":28}},"loc":{"start":{"line":29,"column":36},"end":{"line":44,"column":5}},"line":29},"4":{"name":"(anonymous_4)","decl":{"start":{"line":33,"column":14},"end":{"line":33,"column":15}},"loc":{"start":{"line":33,"column":22},"end":{"line":40,"column":9}},"line":33},"5":{"name":"(anonymous_5)","decl":{"start":{"line":41,"column":16},"end":{"line":41,"column":17}},"loc":{"start":{"line":41,"column":25},"end":{"line":43,"column":9}},"line":41},"6":{"name":"(anonymous_6)","decl":{"start":{"line":46,"column":25},"end":{"line":46,"column":26}},"loc":{"start":{"line":46,"column":36},"end":{"line":65,"column":5}},"line":46},"7":{"name":"(anonymous_7)","decl":{"start":{"line":51,"column":14},"end":{"line":51,"column":15}},"loc":{"start":{"line":51,"column":21},"end":{"line":61,"column":9}},"line":51},"8":{"name":"(anonymous_8)","decl":{"start":{"line":62,"column":15},"end":{"line":62,"column":16}},"loc":{"start":{"line":62,"column":22},"end":{"line":64,"column":9}},"line":62}},"branchMap":{},"s":{"0":1,"1":1,"2":1,"3":1,"4":1,"5":1,"6":1,"7":1,"8":1,"9":1,"10":1,"11":1,"12":1,"13":1,"14":0,"15":1,"16":1,"17":1,"18":1,"19":1,"20":1,"21":1,"22":0,"23":0,"24":1,"25":1,"26":1,"27":1,"28":1,"29":1,"30":1,"31":1,"32":1,"33":0,"34":0},"f":{"0":1,"1":1,"2":1,"3":1,"4":1,"5":0,"6":1,"7":1,"8":0},"b":{},"_coverageSchema":"43e27e138ebf9cfc5966b082cf9a028302ed4184","hash":"213eabec0262b97517dba22c62bdaa05c0ab267e","contentHash":"bfaad1a4a0e890337e7d8b1267451260f67631ebe6952cb1a3e44e1ef7e56c4f"},"C:\\UniBe\\ese\\team9\\ESE-2019-Project\\backend\\api\\.dev\\tests\\user\\buildAndClean.js":{"path":"C:\\UniBe\\ese\\team9\\ESE-2019-Project\\backend\\api\\.dev\\tests\\user\\buildAndClean.js","statementMap":{"0":{"start":{"line":1,"column":16},"end":{"line":1,"column":34}},"1":{"start":{"line":2,"column":12},"end":{"line":2,"column":39}},"2":{"start":{"line":3,"column":12},"end":{"line":3,"column":40}},"3":{"start":{"line":4,"column":13},"end":{"line":4,"column":28}},"4":{"start":{"line":5,"column":17},"end":{"line":5,"column":37}},"5":{"start":{"line":6,"column":0},"end":{"line":6,"column":19}},"6":{"start":{"line":7,"column":16},"end":{"line":7,"column":44}},"7":{"start":{"line":8,"column":15},"end":{"line":8,"column":43}},"8":{"start":{"line":10,"column":0},"end":{"line":20,"column":1}},"9":{"start":{"line":11,"column":4},"end":{"line":19,"column":7}},"10":{"start":{"line":12,"column":8},"end":{"line":18,"column":11}},"11":{"start":{"line":14,"column":12},"end":{"line":14,"column":25}},"12":{"start":{"line":17,"column":12},"end":{"line":17,"column":24}},"13":{"start":{"line":22,"column":0},"end":{"line":40,"column":2}},"14":{"start":{"line":23,"column":4},"end":{"line":39,"column":7}},"15":{"start":{"line":25,"column":17},"end":{"line":25,"column":27}},"16":{"start":{"line":26,"column":20},"end":{"line":26,"column":65}},"17":{"start":{"line":27,"column":21},"end":{"line":27,"column":53}},"18":{"start":{"line":30,"column":8},"end":{"line":38,"column":11}},"19":{"start":{"line":34,"column":23},"end":{"line":34,"column":100}},"20":{"start":{"line":35,"column":12},"end":{"line":35,"column":26}},"21":{"start":{"line":37,"column":12},"end":{"line":37,"column":24}},"22":{"start":{"line":42,"column":0},"end":{"line":58,"column":1}},"23":{"start":{"line":43,"column":4},"end":{"line":57,"column":6}},"24":{"start":{"line":44,"column":8},"end":{"line":56,"column":10}},"25":{"start":{"line":49,"column":11},"end":{"line":52,"column":33}},"26":{"start":{"line":50,"column":16},"end":{"line":50,"column":26}},"27":{"start":{"line":52,"column":16},"end":{"line":52,"column":33}},"28":{"start":{"line":55,"column":11},"end":{"line":55,"column":23}},"29":{"start":{"line":60,"column":0},"end":{"line":72,"column":2}},"30":{"start":{"line":61,"column":4},"end":{"line":71,"column":7}},"31":{"start":{"line":62,"column":8},"end":{"line":69,"column":11}},"32":{"start":{"line":66,"column":12},"end":{"line":66,"column":25}},"33":{"start":{"line":68,"column":12},"end":{"line":68,"column":24}},"34":{"start":{"line":76,"column":0},"end":{"line":88,"column":2}},"35":{"start":{"line":77,"column":4},"end":{"line":87,"column":7}},"36":{"start":{"line":78,"column":8},"end":{"line":86,"column":10}},"37":{"start":{"line":82,"column":12},"end":{"line":82,"column":36}},"38":{"start":{"line":85,"column":12},"end":{"line":85,"column":24}},"39":{"start":{"line":94,"column":0},"end":{"line":113,"column":2}},"40":{"start":{"line":95,"column":4},"end":{"line":112,"column":7}},"41":{"start":{"line":96,"column":19},"end":{"line":96,"column":32}},"42":{"start":{"line":100,"column":8},"end":{"line":111,"column":9}},"43":{"start":{"line":101,"column":12},"end":{"line":101,"column":39}},"44":{"start":{"line":102,"column":12},"end":{"line":102,"column":25}},"45":{"start":{"line":103,"column":12},"end":{"line":103,"column":62}},"46":{"start":{"line":104,"column":12},"end":{"line":104,"column":34}},"47":{"start":{"line":105,"column":12},"end":{"line":105,"column":44}},"48":{"start":{"line":106,"column":12},"end":{"line":106,"column":31}},"49":{"start":{"line":107,"column":12},"end":{"line":107,"column":54}},"50":{"start":{"line":108,"column":12},"end":{"line":108,"column":26}},"51":{"start":{"line":110,"column":12},"end":{"line":110,"column":58}}},"fnMap":{"0":{"name":"(anonymous_0)","decl":{"start":{"line":10,"column":16},"end":{"line":10,"column":17}},"loc":{"start":{"line":10,"column":24},"end":{"line":20,"column":1}},"line":10},"1":{"name":"(anonymous_1)","decl":{"start":{"line":11,"column":23},"end":{"line":11,"column":24}},"loc":{"start":{"line":11,"column":44},"end":{"line":19,"column":5}},"line":11},"2":{"name":"(anonymous_2)","decl":{"start":{"line":13,"column":14},"end":{"line":13,"column":15}},"loc":{"start":{"line":13,"column":22},"end":{"line":15,"column":9}},"line":13},"3":{"name":"(anonymous_3)","decl":{"start":{"line":16,"column":15},"end":{"line":16,"column":16}},"loc":{"start":{"line":16,"column":23},"end":{"line":18,"column":9}},"line":16},"4":{"name":"(anonymous_4)","decl":{"start":{"line":22,"column":16},"end":{"line":22,"column":17}},"loc":{"start":{"line":22,"column":22},"end":{"line":40,"column":1}},"line":22},"5":{"name":"(anonymous_5)","decl":{"start":{"line":23,"column":23},"end":{"line":23,"column":24}},"loc":{"start":{"line":23,"column":44},"end":{"line":39,"column":5}},"line":23},"6":{"name":"(anonymous_6)","decl":{"start":{"line":33,"column":14},"end":{"line":33,"column":15}},"loc":{"start":{"line":33,"column":21},"end":{"line":36,"column":9}},"line":33},"7":{"name":"(anonymous_7)","decl":{"start":{"line":36,"column":17},"end":{"line":36,"column":18}},"loc":{"start":{"line":36,"column":26},"end":{"line":38,"column":9}},"line":36},"8":{"name":"(anonymous_8)","decl":{"start":{"line":42,"column":35},"end":{"line":42,"column":36}},"loc":{"start":{"line":42,"column":45},"end":{"line":58,"column":1}},"line":42},"9":{"name":"(anonymous_9)","decl":{"start":{"line":43,"column":23},"end":{"line":43,"column":24}},"loc":{"start":{"line":43,"column":43},"end":{"line":57,"column":5}},"line":43},"10":{"name":"(anonymous_10)","decl":{"start":{"line":48,"column":13},"end":{"line":48,"column":14}},"loc":{"start":{"line":48,"column":20},"end":{"line":53,"column":8}},"line":48},"11":{"name":"(anonymous_11)","decl":{"start":{"line":54,"column":14},"end":{"line":54,"column":15}},"loc":{"start":{"line":54,"column":22},"end":{"line":56,"column":8}},"line":54},"12":{"name":"(anonymous_12)","decl":{"start":{"line":60,"column":17},"end":{"line":60,"column":18}},"loc":{"start":{"line":60,"column":25},"end":{"line":72,"column":1}},"line":60},"13":{"name":"(anonymous_13)","decl":{"start":{"line":61,"column":23},"end":{"line":61,"column":24}},"loc":{"start":{"line":61,"column":44},"end":{"line":71,"column":5}},"line":61},"14":{"name":"(anonymous_14)","decl":{"start":{"line":65,"column":14},"end":{"line":65,"column":15}},"loc":{"start":{"line":65,"column":23},"end":{"line":67,"column":9}},"line":65},"15":{"name":"(anonymous_15)","decl":{"start":{"line":67,"column":17},"end":{"line":67,"column":18}},"loc":{"start":{"line":67,"column":25},"end":{"line":69,"column":9}},"line":67},"16":{"name":"(anonymous_16)","decl":{"start":{"line":76,"column":16},"end":{"line":76,"column":17}},"loc":{"start":{"line":76,"column":24},"end":{"line":88,"column":1}},"line":76},"17":{"name":"(anonymous_17)","decl":{"start":{"line":77,"column":23},"end":{"line":77,"column":24}},"loc":{"start":{"line":77,"column":43},"end":{"line":87,"column":5}},"line":77},"18":{"name":"(anonymous_18)","decl":{"start":{"line":81,"column":14},"end":{"line":81,"column":15}},"loc":{"start":{"line":81,"column":21},"end":{"line":83,"column":9}},"line":81},"19":{"name":"(anonymous_19)","decl":{"start":{"line":84,"column":15},"end":{"line":84,"column":16}},"loc":{"start":{"line":84,"column":22},"end":{"line":86,"column":9}},"line":84},"20":{"name":"(anonymous_20)","decl":{"start":{"line":94,"column":30},"end":{"line":94,"column":31}},"loc":{"start":{"line":94,"column":36},"end":{"line":113,"column":1}},"line":94},"21":{"name":"(anonymous_21)","decl":{"start":{"line":95,"column":23},"end":{"line":95,"column":24}},"loc":{"start":{"line":95,"column":48},"end":{"line":112,"column":5}},"line":95}},"branchMap":{"0":{"loc":{"start":{"line":49,"column":11},"end":{"line":52,"column":33}},"type":"if","locations":[{"start":{"line":49,"column":11},"end":{"line":52,"column":33}},{"start":{"line":49,"column":11},"end":{"line":52,"column":33}}],"line":49}},"s":{"0":1,"1":1,"2":1,"3":1,"4":1,"5":1,"6":1,"7":1,"8":1,"9":11,"10":11,"11":11,"12":0,"13":1,"14":11,"15":11,"16":11,"17":11,"18":11,"19":11,"20":11,"21":0,"22":1,"23":10,"24":10,"25":10,"26":10,"27":0,"28":0,"29":1,"30":11,"31":11,"32":11,"33":0,"34":1,"35":10,"36":10,"37":10,"38":0,"39":1,"40":10,"41":10,"42":10,"43":10,"44":10,"45":10,"46":10,"47":10,"48":10,"49":10,"50":10,"51":0},"f":{"0":11,"1":11,"2":11,"3":0,"4":11,"5":11,"6":11,"7":0,"8":10,"9":10,"10":10,"11":0,"12":11,"13":11,"14":11,"15":0,"16":10,"17":10,"18":10,"19":0,"20":10,"21":10},"b":{"0":[10,0]},"_coverageSchema":"43e27e138ebf9cfc5966b082cf9a028302ed4184","hash":"edd0cd9d973148eed053416fd749b15d208d4c38","contentHash":"dc27a6ce76a3780ef3bc92852a1d264bbee8d4e882ba093e7e9fcbf2437b687e"},"C:\\UniBe\\ese\\team9\\ESE-2019-Project\\backend\\api\\.dev\\tests\\user\\signup.js":{"path":"C:\\UniBe\\ese\\team9\\ESE-2019-Project\\backend\\api\\.dev\\tests\\user\\signup.js","statementMap":{"0":{"start":{"line":1,"column":16},"end":{"line":1,"column":34}},"1":{"start":{"line":2,"column":12},"end":{"line":2,"column":41}},"2":{"start":{"line":3,"column":15},"end":{"line":3,"column":32}},"3":{"start":{"line":4,"column":22},"end":{"line":4,"column":51}},"4":{"start":{"line":5,"column":13},"end":{"line":5,"column":28}},"5":{"start":{"line":6,"column":17},"end":{"line":6,"column":37}},"6":{"start":{"line":7,"column":19},"end":{"line":7,"column":30}},"7":{"start":{"line":8,"column":14},"end":{"line":8,"column":25}},"8":{"start":{"line":9,"column":0},"end":{"line":9,"column":19}},"9":{"start":{"line":11,"column":0},"end":{"line":64,"column":3}},"10":{"start":{"line":12,"column":13},"end":{"line":12,"column":23}},"11":{"start":{"line":13,"column":20},"end":{"line":13,"column":24}},"12":{"start":{"line":14,"column":16},"end":{"line":14,"column":61}},"13":{"start":{"line":17,"column":4},"end":{"line":19,"column":7}},"14":{"start":{"line":18,"column":8},"end":{"line":18,"column":32}},"15":{"start":{"line":21,"column":4},"end":{"line":34,"column":7}},"16":{"start":{"line":22,"column":24},"end":{"line":22,"column":56}},"17":{"start":{"line":23,"column":8},"end":{"line":33,"column":11}},"18":{"start":{"line":30,"column":12},"end":{"line":30,"column":46}},"19":{"start":{"line":31,"column":12},"end":{"line":31,"column":38}},"20":{"start":{"line":32,"column":12},"end":{"line":32,"column":19}},"21":{"start":{"line":36,"column":4},"end":{"line":49,"column":7}},"22":{"start":{"line":37,"column":24},"end":{"line":37,"column":56}},"23":{"start":{"line":38,"column":8},"end":{"line":48,"column":11}},"24":{"start":{"line":45,"column":12},"end":{"line":45,"column":46}},"25":{"start":{"line":46,"column":12},"end":{"line":46,"column":77}},"26":{"start":{"line":47,"column":12},"end":{"line":47,"column":19}},"27":{"start":{"line":51,"column":4},"end":{"line":63,"column":7}},"28":{"start":{"line":52,"column":24},"end":{"line":52,"column":60}},"29":{"start":{"line":53,"column":8},"end":{"line":62,"column":11}},"30":{"start":{"line":60,"column":12},"end":{"line":60,"column":46}},"31":{"start":{"line":61,"column":12},"end":{"line":61,"column":22}}},"fnMap":{"0":{"name":"(anonymous_0)","decl":{"start":{"line":11,"column":32},"end":{"line":11,"column":33}},"loc":{"start":{"line":11,"column":37},"end":{"line":64,"column":1}},"line":11},"1":{"name":"(anonymous_1)","decl":{"start":{"line":17,"column":10},"end":{"line":17,"column":11}},"loc":{"start":{"line":17,"column":14},"end":{"line":19,"column":5}},"line":17},"2":{"name":"(anonymous_2)","decl":{"start":{"line":21,"column":24},"end":{"line":21,"column":25}},"loc":{"start":{"line":21,"column":32},"end":{"line":34,"column":5}},"line":21},"3":{"name":"(anonymous_3)","decl":{"start":{"line":29,"column":8},"end":{"line":29,"column":9}},"loc":{"start":{"line":29,"column":26},"end":{"line":33,"column":9}},"line":29},"4":{"name":"(anonymous_4)","decl":{"start":{"line":36,"column":35},"end":{"line":36,"column":36}},"loc":{"start":{"line":36,"column":45},"end":{"line":49,"column":5}},"line":36},"5":{"name":"(anonymous_5)","decl":{"start":{"line":44,"column":8},"end":{"line":44,"column":9}},"loc":{"start":{"line":44,"column":26},"end":{"line":48,"column":9}},"line":44},"6":{"name":"(anonymous_6)","decl":{"start":{"line":51,"column":34},"end":{"line":51,"column":35}},"loc":{"start":{"line":51,"column":44},"end":{"line":63,"column":5}},"line":51},"7":{"name":"(anonymous_7)","decl":{"start":{"line":59,"column":8},"end":{"line":59,"column":9}},"loc":{"start":{"line":59,"column":26},"end":{"line":62,"column":9}},"line":59}},"branchMap":{},"s":{"0":1,"1":1,"2":1,"3":1,"4":1,"5":1,"6":1,"7":1,"8":1,"9":1,"10":1,"11":1,"12":1,"13":1,"14":1,"15":1,"16":1,"17":1,"18":1,"19":1,"20":1,"21":1,"22":1,"23":1,"24":1,"25":1,"26":1,"27":1,"28":1,"29":1,"30":1,"31":1},"f":{"0":1,"1":1,"2":1,"3":1,"4":1,"5":1,"6":1,"7":1},"b":{},"_coverageSchema":"43e27e138ebf9cfc5966b082cf9a028302ed4184","hash":"23e9c55984999ec45d7309c13f953c9d8224f0ad","contentHash":"272207f90801129a5e2933db6c4617e8bbf85ddf0e530de0b2593846318e0bac"},"C:\\UniBe\\ese\\team9\\ESE-2019-Project\\backend\\api\\.dev\\tests\\user\\userRequest.js":{"path":"C:\\UniBe\\ese\\team9\\ESE-2019-Project\\backend\\api\\.dev\\tests\\user\\userRequest.js","statementMap":{"0":{"start":{"line":1,"column":12},"end":{"line":1,"column":35}},"1":{"start":{"line":2,"column":13},"end":{"line":2,"column":42}},"2":{"start":{"line":3,"column":13},"end":{"line":3,"column":28}},"3":{"start":{"line":4,"column":17},"end":{"line":4,"column":37}},"4":{"start":{"line":5,"column":15},"end":{"line":5,"column":26}},"5":{"start":{"line":6,"column":0},"end":{"line":6,"column":19}},"6":{"start":{"line":7,"column":12},"end":{"line":7,"column":40}},"7":{"start":{"line":8,"column":16},"end":{"line":8,"column":33}},"8":{"start":{"line":10,"column":0},"end":{"line":200,"column":3}},"9":{"start":{"line":13,"column":4},"end":{"line":26,"column":7}},"10":{"start":{"line":14,"column":8},"end":{"line":19,"column":9}},"11":{"start":{"line":15,"column":12},"end":{"line":15,"column":52}},"12":{"start":{"line":16,"column":12},"end":{"line":16,"column":53}},"13":{"start":{"line":18,"column":12},"end":{"line":18,"column":33}},"14":{"start":{"line":20,"column":8},"end":{"line":20,"column":31}},"15":{"start":{"line":21,"column":8},"end":{"line":21,"column":61}},"16":{"start":{"line":22,"column":8},"end":{"line":22,"column":32}},"17":{"start":{"line":23,"column":8},"end":{"line":23,"column":62}},"18":{"start":{"line":24,"column":8},"end":{"line":24,"column":43}},"19":{"start":{"line":25,"column":8},"end":{"line":25,"column":49}},"20":{"start":{"line":28,"column":4},"end":{"line":31,"column":7}},"21":{"start":{"line":29,"column":7},"end":{"line":29,"column":33}},"22":{"start":{"line":30,"column":7},"end":{"line":30,"column":34}},"23":{"start":{"line":33,"column":3},"end":{"line":48,"column":6}},"24":{"start":{"line":34,"column":7},"end":{"line":47,"column":9}},"25":{"start":{"line":37,"column":11},"end":{"line":37,"column":41}},"26":{"start":{"line":38,"column":11},"end":{"line":40,"column":36}},"27":{"start":{"line":41,"column":12},"end":{"line":41,"column":45}},"28":{"start":{"line":42,"column":12},"end":{"line":42,"column":53}},"29":{"start":{"line":43,"column":11},"end":{"line":43,"column":18}},"30":{"start":{"line":46,"column":11},"end":{"line":46,"column":21}},"31":{"start":{"line":50,"column":3},"end":{"line":63,"column":6}},"32":{"start":{"line":51,"column":8},"end":{"line":62,"column":10}},"33":{"start":{"line":54,"column":12},"end":{"line":54,"column":42}},"34":{"start":{"line":55,"column":12},"end":{"line":57,"column":14}},"35":{"start":{"line":58,"column":12},"end":{"line":58,"column":19}},"36":{"start":{"line":61,"column":12},"end":{"line":61,"column":22}},"37":{"start":{"line":67,"column":3},"end":{"line":78,"column":6}},"38":{"start":{"line":68,"column":7},"end":{"line":77,"column":10}},"39":{"start":{"line":72,"column":11},"end":{"line":72,"column":41}},"40":{"start":{"line":73,"column":11},"end":{"line":73,"column":18}},"41":{"start":{"line":76,"column":11},"end":{"line":76,"column":21}},"42":{"start":{"line":82,"column":3},"end":{"line":94,"column":6}},"43":{"start":{"line":83,"column":7},"end":{"line":93,"column":10}},"44":{"start":{"line":88,"column":11},"end":{"line":88,"column":41}},"45":{"start":{"line":89,"column":11},"end":{"line":89,"column":18}},"46":{"start":{"line":92,"column":11},"end":{"line":92,"column":21}},"47":{"start":{"line":100,"column":3},"end":{"line":122,"column":6}},"48":{"start":{"line":101,"column":19},"end":{"line":101,"column":35}},"49":{"start":{"line":102,"column":19},"end":{"line":102,"column":129}},"50":{"start":{"line":103,"column":7},"end":{"line":121,"column":10}},"51":{"start":{"line":107,"column":11},"end":{"line":107,"column":41}},"52":{"start":{"line":108,"column":11},"end":{"line":117,"column":14}},"53":{"start":{"line":112,"column":15},"end":{"line":112,"column":70}},"54":{"start":{"line":113,"column":15},"end":{"line":113,"column":22}},"55":{"start":{"line":116,"column":15},"end":{"line":116,"column":24}},"56":{"start":{"line":120,"column":11},"end":{"line":120,"column":21}},"57":{"start":{"line":124,"column":3},"end":{"line":145,"column":6}},"58":{"start":{"line":125,"column":7},"end":{"line":144,"column":10}},"59":{"start":{"line":130,"column":11},"end":{"line":130,"column":41}},"60":{"start":{"line":131,"column":11},"end":{"line":140,"column":14}},"61":{"start":{"line":134,"column":15},"end":{"line":134,"column":46}},"62":{"start":{"line":135,"column":15},"end":{"line":135,"column":80}},"63":{"start":{"line":136,"column":15},"end":{"line":136,"column":22}},"64":{"start":{"line":139,"column":15},"end":{"line":139,"column":25}},"65":{"start":{"line":143,"column":11},"end":{"line":143,"column":21}},"66":{"start":{"line":146,"column":3},"end":{"line":166,"column":6}},"67":{"start":{"line":147,"column":7},"end":{"line":164,"column":10}},"68":{"start":{"line":150,"column":11},"end":{"line":150,"column":51}},"69":{"start":{"line":151,"column":11},"end":{"line":160,"column":14}},"70":{"start":{"line":154,"column":15},"end":{"line":154,"column":74}},"71":{"start":{"line":155,"column":15},"end":{"line":155,"column":56}},"72":{"start":{"line":156,"column":15},"end":{"line":156,"column":22}},"73":{"start":{"line":159,"column":15},"end":{"line":159,"column":25}},"74":{"start":{"line":163,"column":11},"end":{"line":163,"column":21}},"75":{"start":{"line":168,"column":3},"end":{"line":179,"column":7}},"76":{"start":{"line":169,"column":7},"end":{"line":178,"column":9}},"77":{"start":{"line":173,"column":12},"end":{"line":173,"column":52}},"78":{"start":{"line":174,"column":12},"end":{"line":174,"column":18}},"79":{"start":{"line":177,"column":11},"end":{"line":177,"column":21}},"80":{"start":{"line":181,"column":3},"end":{"line":199,"column":6}},"81":{"start":{"line":182,"column":7},"end":{"line":198,"column":11}},"82":{"start":{"line":185,"column":12},"end":{"line":185,"column":73}},"83":{"start":{"line":186,"column":12},"end":{"line":194,"column":15}},"84":{"start":{"line":189,"column":16},"end":{"line":189,"column":71}},"85":{"start":{"line":190,"column":16},"end":{"line":190,"column":23}},"86":{"start":{"line":193,"column":16},"end":{"line":193,"column":26}},"87":{"start":{"line":197,"column":12},"end":{"line":197,"column":22}}},"fnMap":{"0":{"name":"(anonymous_0)","decl":{"start":{"line":10,"column":37},"end":{"line":10,"column":38}},"loc":{"start":{"line":10,"column":42},"end":{"line":200,"column":1}},"line":10},"1":{"name":"(anonymous_1)","decl":{"start":{"line":13,"column":11},"end":{"line":13,"column":12}},"loc":{"start":{"line":13,"column":20},"end":{"line":26,"column":5}},"line":13},"2":{"name":"(anonymous_2)","decl":{"start":{"line":28,"column":10},"end":{"line":28,"column":11}},"loc":{"start":{"line":28,"column":20},"end":{"line":31,"column":5}},"line":28},"3":{"name":"(anonymous_3)","decl":{"start":{"line":33,"column":26},"end":{"line":33,"column":27}},"loc":{"start":{"line":33,"column":35},"end":{"line":48,"column":4}},"line":33},"4":{"name":"(anonymous_4)","decl":{"start":{"line":36,"column":13},"end":{"line":36,"column":14}},"loc":{"start":{"line":36,"column":20},"end":{"line":44,"column":8}},"line":36},"5":{"name":"(anonymous_5)","decl":{"start":{"line":45,"column":14},"end":{"line":45,"column":15}},"loc":{"start":{"line":45,"column":21},"end":{"line":47,"column":8}},"line":45},"6":{"name":"(anonymous_6)","decl":{"start":{"line":50,"column":29},"end":{"line":50,"column":30}},"loc":{"start":{"line":50,"column":37},"end":{"line":63,"column":4}},"line":50},"7":{"name":"(anonymous_7)","decl":{"start":{"line":53,"column":14},"end":{"line":53,"column":15}},"loc":{"start":{"line":53,"column":21},"end":{"line":59,"column":9}},"line":53},"8":{"name":"(anonymous_8)","decl":{"start":{"line":60,"column":15},"end":{"line":60,"column":16}},"loc":{"start":{"line":60,"column":22},"end":{"line":62,"column":9}},"line":60},"9":{"name":"(anonymous_9)","decl":{"start":{"line":67,"column":25},"end":{"line":67,"column":26}},"loc":{"start":{"line":67,"column":33},"end":{"line":78,"column":4}},"line":67},"10":{"name":"(anonymous_10)","decl":{"start":{"line":71,"column":13},"end":{"line":71,"column":14}},"loc":{"start":{"line":71,"column":20},"end":{"line":74,"column":8}},"line":71},"11":{"name":"(anonymous_11)","decl":{"start":{"line":75,"column":14},"end":{"line":75,"column":15}},"loc":{"start":{"line":75,"column":21},"end":{"line":77,"column":8}},"line":75},"12":{"name":"(anonymous_12)","decl":{"start":{"line":82,"column":25},"end":{"line":82,"column":26}},"loc":{"start":{"line":82,"column":33},"end":{"line":94,"column":4}},"line":82},"13":{"name":"(anonymous_13)","decl":{"start":{"line":87,"column":13},"end":{"line":87,"column":14}},"loc":{"start":{"line":87,"column":22},"end":{"line":90,"column":8}},"line":87},"14":{"name":"(anonymous_14)","decl":{"start":{"line":91,"column":14},"end":{"line":91,"column":15}},"loc":{"start":{"line":91,"column":21},"end":{"line":93,"column":8}},"line":91},"15":{"name":"(anonymous_15)","decl":{"start":{"line":100,"column":24},"end":{"line":100,"column":25}},"loc":{"start":{"line":100,"column":32},"end":{"line":122,"column":4}},"line":100},"16":{"name":"(anonymous_16)","decl":{"start":{"line":106,"column":13},"end":{"line":106,"column":14}},"loc":{"start":{"line":106,"column":20},"end":{"line":118,"column":8}},"line":106},"17":{"name":"(anonymous_17)","decl":{"start":{"line":111,"column":17},"end":{"line":111,"column":18}},"loc":{"start":{"line":111,"column":24},"end":{"line":114,"column":12}},"line":111},"18":{"name":"(anonymous_18)","decl":{"start":{"line":115,"column":18},"end":{"line":115,"column":19}},"loc":{"start":{"line":115,"column":25},"end":{"line":117,"column":12}},"line":115},"19":{"name":"(anonymous_19)","decl":{"start":{"line":119,"column":14},"end":{"line":119,"column":15}},"loc":{"start":{"line":119,"column":22},"end":{"line":121,"column":8}},"line":119},"20":{"name":"(anonymous_20)","decl":{"start":{"line":124,"column":23},"end":{"line":124,"column":24}},"loc":{"start":{"line":124,"column":31},"end":{"line":145,"column":4}},"line":124},"21":{"name":"(anonymous_21)","decl":{"start":{"line":129,"column":13},"end":{"line":129,"column":14}},"loc":{"start":{"line":129,"column":20},"end":{"line":141,"column":8}},"line":129},"22":{"name":"(anonymous_22)","decl":{"start":{"line":133,"column":17},"end":{"line":133,"column":18}},"loc":{"start":{"line":133,"column":25},"end":{"line":137,"column":12}},"line":133},"23":{"name":"(anonymous_23)","decl":{"start":{"line":138,"column":18},"end":{"line":138,"column":19}},"loc":{"start":{"line":138,"column":26},"end":{"line":140,"column":12}},"line":138},"24":{"name":"(anonymous_24)","decl":{"start":{"line":142,"column":14},"end":{"line":142,"column":15}},"loc":{"start":{"line":142,"column":22},"end":{"line":144,"column":8}},"line":142},"25":{"name":"(anonymous_25)","decl":{"start":{"line":146,"column":24},"end":{"line":146,"column":25}},"loc":{"start":{"line":146,"column":32},"end":{"line":166,"column":4}},"line":146},"26":{"name":"(anonymous_26)","decl":{"start":{"line":149,"column":13},"end":{"line":149,"column":14}},"loc":{"start":{"line":149,"column":20},"end":{"line":161,"column":8}},"line":149},"27":{"name":"(anonymous_27)","decl":{"start":{"line":153,"column":17},"end":{"line":153,"column":18}},"loc":{"start":{"line":153,"column":27},"end":{"line":157,"column":12}},"line":153},"28":{"name":"(anonymous_28)","decl":{"start":{"line":158,"column":18},"end":{"line":158,"column":19}},"loc":{"start":{"line":158,"column":26},"end":{"line":160,"column":12}},"line":158},"29":{"name":"(anonymous_29)","decl":{"start":{"line":162,"column":14},"end":{"line":162,"column":15}},"loc":{"start":{"line":162,"column":21},"end":{"line":164,"column":8}},"line":162},"30":{"name":"(anonymous_30)","decl":{"start":{"line":168,"column":26},"end":{"line":168,"column":27}},"loc":{"start":{"line":168,"column":35},"end":{"line":179,"column":5}},"line":168},"31":{"name":"(anonymous_31)","decl":{"start":{"line":172,"column":13},"end":{"line":172,"column":14}},"loc":{"start":{"line":172,"column":22},"end":{"line":175,"column":8}},"line":172},"32":{"name":"(anonymous_32)","decl":{"start":{"line":176,"column":14},"end":{"line":176,"column":15}},"loc":{"start":{"line":176,"column":21},"end":{"line":178,"column":8}},"line":176},"33":{"name":"(anonymous_33)","decl":{"start":{"line":181,"column":31},"end":{"line":181,"column":32}},"loc":{"start":{"line":181,"column":41},"end":{"line":199,"column":4}},"line":181},"34":{"name":"(anonymous_34)","decl":{"start":{"line":184,"column":14},"end":{"line":184,"column":15}},"loc":{"start":{"line":184,"column":21},"end":{"line":195,"column":9}},"line":184},"35":{"name":"(anonymous_35)","decl":{"start":{"line":188,"column":18},"end":{"line":188,"column":19}},"loc":{"start":{"line":188,"column":28},"end":{"line":191,"column":13}},"line":188},"36":{"name":"(anonymous_36)","decl":{"start":{"line":192,"column":19},"end":{"line":192,"column":20}},"loc":{"start":{"line":192,"column":27},"end":{"line":194,"column":13}},"line":192},"37":{"name":"(anonymous_37)","decl":{"start":{"line":196,"column":15},"end":{"line":196,"column":16}},"loc":{"start":{"line":196,"column":22},"end":{"line":198,"column":9}},"line":196}},"branchMap":{},"s":{"0":1,"1":1,"2":1,"3":1,"4":1,"5":1,"6":1,"7":1,"8":1,"9":1,"10":1,"11":1,"12":1,"13":0,"14":1,"15":1,"16":1,"17":1,"18":1,"19":1,"20":1,"21":1,"22":1,"23":1,"24":1,"25":1,"26":1,"27":1,"28":1,"29":1,"30":0,"31":1,"32":1,"33":1,"34":1,"35":1,"36":0,"37":1,"38":1,"39":1,"40":1,"41":0,"42":1,"43":1,"44":1,"45":1,"46":0,"47":1,"48":1,"49":1,"50":1,"51":1,"52":1,"53":1,"54":1,"55":0,"56":0,"57":1,"58":1,"59":1,"60":1,"61":1,"62":1,"63":1,"64":0,"65":0,"66":1,"67":1,"68":1,"69":1,"70":1,"71":1,"72":1,"73":0,"74":0,"75":1,"76":1,"77":1,"78":1,"79":0,"80":1,"81":1,"82":1,"83":1,"84":1,"85":1,"86":0,"87":0},"f":{"0":1,"1":1,"2":1,"3":1,"4":1,"5":0,"6":1,"7":1,"8":0,"9":1,"10":1,"11":0,"12":1,"13":1,"14":0,"15":1,"16":1,"17":1,"18":0,"19":0,"20":1,"21":1,"22":1,"23":0,"24":0,"25":1,"26":1,"27":1,"28":0,"29":0,"30":1,"31":1,"32":0,"33":1,"34":1,"35":1,"36":0,"37":0},"b":{},"_coverageSchema":"43e27e138ebf9cfc5966b082cf9a028302ed4184","hash":"c84a57dde2736a37e5aa8460399a185d940cbb1a","contentHash":"0dfd30f38fba3c8f77760176ad4a480d9502e684d102ea8926c3b29dc4b31abe"},"C:\\UniBe\\ese\\team9\\ESE-2019-Project\\backend\\api\\.dev\\tests\\user\\admin.js":{"path":"C:\\UniBe\\ese\\team9\\ESE-2019-Project\\backend\\api\\.dev\\tests\\user\\admin.js","statementMap":{"0":{"start":{"line":1,"column":12},"end":{"line":1,"column":35}},"1":{"start":{"line":2,"column":13},"end":{"line":2,"column":42}},"2":{"start":{"line":3,"column":13},"end":{"line":3,"column":28}},"3":{"start":{"line":4,"column":17},"end":{"line":4,"column":37}},"4":{"start":{"line":5,"column":15},"end":{"line":5,"column":26}},"5":{"start":{"line":6,"column":0},"end":{"line":6,"column":19}},"6":{"start":{"line":7,"column":12},"end":{"line":7,"column":35}},"7":{"start":{"line":8,"column":20},"end":{"line":8,"column":47}},"8":{"start":{"line":9,"column":21},"end":{"line":9,"column":56}},"9":{"start":{"line":10,"column":19},"end":{"line":10,"column":50}},"10":{"start":{"line":11,"column":22},"end":{"line":11,"column":51}},"11":{"start":{"line":13,"column":0},"end":{"line":213,"column":2}},"12":{"start":{"line":14,"column":19},"end":{"line":14,"column":82}},"13":{"start":{"line":15,"column":14},"end":{"line":15,"column":31}},"14":{"start":{"line":19,"column":4},"end":{"line":31,"column":7}},"15":{"start":{"line":21,"column":8},"end":{"line":21,"column":49}},"16":{"start":{"line":22,"column":8},"end":{"line":22,"column":48}},"17":{"start":{"line":24,"column":19},"end":{"line":24,"column":115}},"18":{"start":{"line":25,"column":8},"end":{"line":25,"column":37}},"19":{"start":{"line":26,"column":8},"end":{"line":26,"column":26}},"20":{"start":{"line":27,"column":8},"end":{"line":27,"column":27}},"21":{"start":{"line":28,"column":8},"end":{"line":28,"column":110}},"22":{"start":{"line":32,"column":4},"end":{"line":35,"column":7}},"23":{"start":{"line":33,"column":8},"end":{"line":33,"column":28}},"24":{"start":{"line":34,"column":8},"end":{"line":34,"column":29}},"25":{"start":{"line":36,"column":4},"end":{"line":119,"column":6}},"26":{"start":{"line":37,"column":8},"end":{"line":49,"column":11}},"27":{"start":{"line":38,"column":12},"end":{"line":48,"column":15}},"28":{"start":{"line":41,"column":16},"end":{"line":41,"column":46}},"29":{"start":{"line":42,"column":16},"end":{"line":42,"column":41}},"30":{"start":{"line":43,"column":16},"end":{"line":43,"column":53}},"31":{"start":{"line":44,"column":16},"end":{"line":44,"column":23}},"32":{"start":{"line":47,"column":16},"end":{"line":47,"column":26}},"33":{"start":{"line":50,"column":8},"end":{"line":63,"column":11}},"34":{"start":{"line":51,"column":12},"end":{"line":62,"column":15}},"35":{"start":{"line":54,"column":16},"end":{"line":54,"column":46}},"36":{"start":{"line":55,"column":16},"end":{"line":55,"column":42}},"37":{"start":{"line":56,"column":16},"end":{"line":56,"column":47}},"38":{"start":{"line":57,"column":16},"end":{"line":57,"column":53}},"39":{"start":{"line":58,"column":16},"end":{"line":58,"column":23}},"40":{"start":{"line":61,"column":16},"end":{"line":61,"column":26}},"41":{"start":{"line":64,"column":8},"end":{"line":67,"column":11}},"42":{"start":{"line":65,"column":22},"end":{"line":65,"column":114}},"43":{"start":{"line":66,"column":12},"end":{"line":66,"column":42}},"44":{"start":{"line":68,"column":8},"end":{"line":80,"column":11}},"45":{"start":{"line":69,"column":12},"end":{"line":79,"column":14}},"46":{"start":{"line":72,"column":16},"end":{"line":72,"column":46}},"47":{"start":{"line":73,"column":16},"end":{"line":73,"column":41}},"48":{"start":{"line":74,"column":16},"end":{"line":74,"column":53}},"49":{"start":{"line":75,"column":16},"end":{"line":75,"column":23}},"50":{"start":{"line":78,"column":16},"end":{"line":78,"column":26}},"51":{"start":{"line":81,"column":8},"end":{"line":93,"column":11}},"52":{"start":{"line":82,"column":12},"end":{"line":92,"column":14}},"53":{"start":{"line":85,"column":16},"end":{"line":85,"column":46}},"54":{"start":{"line":86,"column":16},"end":{"line":86,"column":41}},"55":{"start":{"line":87,"column":16},"end":{"line":87,"column":53}},"56":{"start":{"line":88,"column":16},"end":{"line":88,"column":23}},"57":{"start":{"line":91,"column":16},"end":{"line":91,"column":26}},"58":{"start":{"line":94,"column":8},"end":{"line":106,"column":11}},"59":{"start":{"line":95,"column":12},"end":{"line":105,"column":14}},"60":{"start":{"line":99,"column":16},"end":{"line":99,"column":53}},"61":{"start":{"line":100,"column":16},"end":{"line":100,"column":46}},"62":{"start":{"line":101,"column":16},"end":{"line":101,"column":23}},"63":{"start":{"line":104,"column":16},"end":{"line":104,"column":26}},"64":{"start":{"line":108,"column":8},"end":{"line":118,"column":11}},"65":{"start":{"line":109,"column":12},"end":{"line":117,"column":14}},"66":{"start":{"line":112,"column":16},"end":{"line":112,"column":46}},"67":{"start":{"line":113,"column":16},"end":{"line":113,"column":23}},"68":{"start":{"line":116,"column":16},"end":{"line":116,"column":26}},"69":{"start":{"line":120,"column":4},"end":{"line":212,"column":6}},"70":{"start":{"line":121,"column":8},"end":{"line":132,"column":10}},"71":{"start":{"line":122,"column":8},"end":{"line":131,"column":10}},"72":{"start":{"line":126,"column":16},"end":{"line":126,"column":46}},"73":{"start":{"line":127,"column":16},"end":{"line":127,"column":22}},"74":{"start":{"line":130,"column":12},"end":{"line":130,"column":22}},"75":{"start":{"line":133,"column":8},"end":{"line":145,"column":11}},"76":{"start":{"line":134,"column":12},"end":{"line":144,"column":15}},"77":{"start":{"line":137,"column":16},"end":{"line":137,"column":46}},"78":{"start":{"line":138,"column":16},"end":{"line":138,"column":42}},"79":{"start":{"line":139,"column":16},"end":{"line":139,"column":51}},"80":{"start":{"line":140,"column":16},"end":{"line":140,"column":23}},"81":{"start":{"line":143,"column":16},"end":{"line":143,"column":26}},"82":{"start":{"line":146,"column":8},"end":{"line":158,"column":11}},"83":{"start":{"line":147,"column":12},"end":{"line":157,"column":14}},"84":{"start":{"line":150,"column":16},"end":{"line":150,"column":46}},"85":{"start":{"line":151,"column":16},"end":{"line":151,"column":42}},"86":{"start":{"line":152,"column":16},"end":{"line":152,"column":51}},"87":{"start":{"line":153,"column":16},"end":{"line":153,"column":23}},"88":{"start":{"line":156,"column":16},"end":{"line":156,"column":26}},"89":{"start":{"line":160,"column":8},"end":{"line":172,"column":11}},"90":{"start":{"line":161,"column":12},"end":{"line":171,"column":14}},"91":{"start":{"line":164,"column":16},"end":{"line":164,"column":46}},"92":{"start":{"line":165,"column":16},"end":{"line":165,"column":42}},"93":{"start":{"line":166,"column":16},"end":{"line":166,"column":51}},"94":{"start":{"line":167,"column":16},"end":{"line":167,"column":23}},"95":{"start":{"line":170,"column":16},"end":{"line":170,"column":26}},"96":{"start":{"line":174,"column":8},"end":{"line":185,"column":11}},"97":{"start":{"line":175,"column":12},"end":{"line":184,"column":14}},"98":{"start":{"line":179,"column":16},"end":{"line":179,"column":46}},"99":{"start":{"line":180,"column":16},"end":{"line":180,"column":23}},"100":{"start":{"line":183,"column":16},"end":{"line":183,"column":26}},"101":{"start":{"line":187,"column":8},"end":{"line":200,"column":11}},"102":{"start":{"line":189,"column":27},"end":{"line":189,"column":112}},"103":{"start":{"line":190,"column":12},"end":{"line":190,"column":54}},"104":{"start":{"line":191,"column":12},"end":{"line":191,"column":47}},"105":{"start":{"line":194,"column":26},"end":{"line":194,"column":41}},"106":{"start":{"line":195,"column":26},"end":{"line":195,"column":125}},"107":{"start":{"line":196,"column":12},"end":{"line":196,"column":46}},"108":{"start":{"line":198,"column":27},"end":{"line":198,"column":109}},"109":{"start":{"line":199,"column":12},"end":{"line":199,"column":61}},"110":{"start":{"line":202,"column":8},"end":{"line":211,"column":11}},"111":{"start":{"line":204,"column":26},"end":{"line":204,"column":102}},"112":{"start":{"line":205,"column":12},"end":{"line":205,"column":46}},"113":{"start":{"line":206,"column":12},"end":{"line":206,"column":51}},"114":{"start":{"line":209,"column":27},"end":{"line":209,"column":104}},"115":{"start":{"line":210,"column":12},"end":{"line":210,"column":47}}},"fnMap":{"0":{"name":"(anonymous_0)","decl":{"start":{"line":13,"column":36},"end":{"line":13,"column":37}},"loc":{"start":{"line":13,"column":45},"end":{"line":213,"column":1}},"line":13},"1":{"name":"(anonymous_1)","decl":{"start":{"line":19,"column":11},"end":{"line":19,"column":12}},"loc":{"start":{"line":19,"column":21},"end":{"line":31,"column":5}},"line":19},"2":{"name":"(anonymous_2)","decl":{"start":{"line":32,"column":10},"end":{"line":32,"column":11}},"loc":{"start":{"line":32,"column":14},"end":{"line":35,"column":5}},"line":32},"3":{"name":"(anonymous_3)","decl":{"start":{"line":36,"column":22},"end":{"line":36,"column":23}},"loc":{"start":{"line":36,"column":26},"end":{"line":119,"column":5}},"line":36},"4":{"name":"(anonymous_4)","decl":{"start":{"line":37,"column":48},"end":{"line":37,"column":49}},"loc":{"start":{"line":37,"column":56},"end":{"line":49,"column":9}},"line":37},"5":{"name":"(anonymous_5)","decl":{"start":{"line":40,"column":18},"end":{"line":40,"column":19}},"loc":{"start":{"line":40,"column":27},"end":{"line":45,"column":13}},"line":40},"6":{"name":"(anonymous_6)","decl":{"start":{"line":46,"column":19},"end":{"line":46,"column":20}},"loc":{"start":{"line":46,"column":26},"end":{"line":48,"column":13}},"line":46},"7":{"name":"(anonymous_7)","decl":{"start":{"line":50,"column":43},"end":{"line":50,"column":44}},"loc":{"start":{"line":50,"column":51},"end":{"line":63,"column":9}},"line":50},"8":{"name":"(anonymous_8)","decl":{"start":{"line":53,"column":18},"end":{"line":53,"column":19}},"loc":{"start":{"line":53,"column":27},"end":{"line":59,"column":13}},"line":53},"9":{"name":"(anonymous_9)","decl":{"start":{"line":60,"column":19},"end":{"line":60,"column":20}},"loc":{"start":{"line":60,"column":26},"end":{"line":62,"column":13}},"line":60},"10":{"name":"(anonymous_10)","decl":{"start":{"line":64,"column":47},"end":{"line":64,"column":48}},"loc":{"start":{"line":64,"column":57},"end":{"line":67,"column":9}},"line":64},"11":{"name":"(anonymous_11)","decl":{"start":{"line":68,"column":57},"end":{"line":68,"column":58}},"loc":{"start":{"line":68,"column":65},"end":{"line":80,"column":9}},"line":68},"12":{"name":"(anonymous_12)","decl":{"start":{"line":71,"column":18},"end":{"line":71,"column":19}},"loc":{"start":{"line":71,"column":25},"end":{"line":76,"column":13}},"line":71},"13":{"name":"(anonymous_13)","decl":{"start":{"line":77,"column":19},"end":{"line":77,"column":20}},"loc":{"start":{"line":77,"column":28},"end":{"line":79,"column":13}},"line":77},"14":{"name":"(anonymous_14)","decl":{"start":{"line":81,"column":51},"end":{"line":81,"column":52}},"loc":{"start":{"line":81,"column":59},"end":{"line":93,"column":9}},"line":81},"15":{"name":"(anonymous_15)","decl":{"start":{"line":84,"column":18},"end":{"line":84,"column":19}},"loc":{"start":{"line":84,"column":25},"end":{"line":89,"column":13}},"line":84},"16":{"name":"(anonymous_16)","decl":{"start":{"line":90,"column":19},"end":{"line":90,"column":20}},"loc":{"start":{"line":90,"column":28},"end":{"line":92,"column":13}},"line":90},"17":{"name":"(anonymous_17)","decl":{"start":{"line":94,"column":40},"end":{"line":94,"column":41}},"loc":{"start":{"line":94,"column":48},"end":{"line":106,"column":9}},"line":94},"18":{"name":"(anonymous_18)","decl":{"start":{"line":98,"column":18},"end":{"line":98,"column":19}},"loc":{"start":{"line":98,"column":25},"end":{"line":102,"column":13}},"line":98},"19":{"name":"(anonymous_19)","decl":{"start":{"line":103,"column":19},"end":{"line":103,"column":20}},"loc":{"start":{"line":103,"column":28},"end":{"line":105,"column":13}},"line":103},"20":{"name":"(anonymous_20)","decl":{"start":{"line":108,"column":43},"end":{"line":108,"column":44}},"loc":{"start":{"line":108,"column":51},"end":{"line":118,"column":9}},"line":108},"21":{"name":"(anonymous_21)","decl":{"start":{"line":111,"column":18},"end":{"line":111,"column":19}},"loc":{"start":{"line":111,"column":27},"end":{"line":114,"column":13}},"line":111},"22":{"name":"(anonymous_22)","decl":{"start":{"line":115,"column":19},"end":{"line":115,"column":20}},"loc":{"start":{"line":115,"column":27},"end":{"line":117,"column":13}},"line":115},"23":{"name":"(anonymous_23)","decl":{"start":{"line":120,"column":26},"end":{"line":120,"column":27}},"loc":{"start":{"line":120,"column":30},"end":{"line":212,"column":5}},"line":120},"24":{"name":"(anonymous_24)","decl":{"start":{"line":121,"column":50},"end":{"line":121,"column":51}},"loc":{"start":{"line":121,"column":60},"end":{"line":132,"column":9}},"line":121},"25":{"name":"(anonymous_25)","decl":{"start":{"line":125,"column":14},"end":{"line":125,"column":15}},"loc":{"start":{"line":125,"column":23},"end":{"line":128,"column":9}},"line":125},"26":{"name":"(anonymous_26)","decl":{"start":{"line":129,"column":15},"end":{"line":129,"column":16}},"loc":{"start":{"line":129,"column":22},"end":{"line":131,"column":9}},"line":129},"27":{"name":"(anonymous_27)","decl":{"start":{"line":133,"column":53},"end":{"line":133,"column":54}},"loc":{"start":{"line":133,"column":61},"end":{"line":145,"column":9}},"line":133},"28":{"name":"(anonymous_28)","decl":{"start":{"line":136,"column":18},"end":{"line":136,"column":19}},"loc":{"start":{"line":136,"column":27},"end":{"line":141,"column":13}},"line":136},"29":{"name":"(anonymous_29)","decl":{"start":{"line":142,"column":19},"end":{"line":142,"column":20}},"loc":{"start":{"line":142,"column":26},"end":{"line":144,"column":13}},"line":142},"30":{"name":"(anonymous_30)","decl":{"start":{"line":146,"column":55},"end":{"line":146,"column":56}},"loc":{"start":{"line":146,"column":63},"end":{"line":158,"column":9}},"line":146},"31":{"name":"(anonymous_31)","decl":{"start":{"line":149,"column":18},"end":{"line":149,"column":19}},"loc":{"start":{"line":149,"column":25},"end":{"line":154,"column":13}},"line":149},"32":{"name":"(anonymous_32)","decl":{"start":{"line":155,"column":19},"end":{"line":155,"column":20}},"loc":{"start":{"line":155,"column":28},"end":{"line":157,"column":13}},"line":155},"33":{"name":"(anonymous_33)","decl":{"start":{"line":160,"column":62},"end":{"line":160,"column":63}},"loc":{"start":{"line":160,"column":70},"end":{"line":172,"column":9}},"line":160},"34":{"name":"(anonymous_34)","decl":{"start":{"line":163,"column":18},"end":{"line":163,"column":19}},"loc":{"start":{"line":163,"column":25},"end":{"line":168,"column":13}},"line":163},"35":{"name":"(anonymous_35)","decl":{"start":{"line":169,"column":19},"end":{"line":169,"column":20}},"loc":{"start":{"line":169,"column":28},"end":{"line":171,"column":13}},"line":169},"36":{"name":"(anonymous_36)","decl":{"start":{"line":174,"column":45},"end":{"line":174,"column":46}},"loc":{"start":{"line":174,"column":53},"end":{"line":185,"column":9}},"line":174},"37":{"name":"(anonymous_37)","decl":{"start":{"line":178,"column":18},"end":{"line":178,"column":19}},"loc":{"start":{"line":178,"column":25},"end":{"line":181,"column":13}},"line":178},"38":{"name":"(anonymous_38)","decl":{"start":{"line":182,"column":19},"end":{"line":182,"column":20}},"loc":{"start":{"line":182,"column":28},"end":{"line":184,"column":13}},"line":182},"39":{"name":"(anonymous_39)","decl":{"start":{"line":187,"column":48},"end":{"line":187,"column":49}},"loc":{"start":{"line":187,"column":58},"end":{"line":200,"column":9}},"line":187},"40":{"name":"(anonymous_40)","decl":{"start":{"line":202,"column":48},"end":{"line":202,"column":49}},"loc":{"start":{"line":202,"column":57},"end":{"line":211,"column":9}},"line":202}},"branchMap":{},"s":{"0":1,"1":1,"2":1,"3":1,"4":1,"5":1,"6":1,"7":1,"8":1,"9":1,"10":1,"11":1,"12":1,"13":1,"14":1,"15":1,"16":1,"17":1,"18":1,"19":1,"20":1,"21":1,"22":1,"23":1,"24":1,"25":1,"26":1,"27":1,"28":1,"29":1,"30":1,"31":1,"32":0,"33":1,"34":1,"35":1,"36":1,"37":1,"38":1,"39":1,"40":0,"41":1,"42":1,"43":1,"44":1,"45":1,"46":1,"47":1,"48":1,"49":1,"50":0,"51":1,"52":1,"53":1,"54":1,"55":1,"56":1,"57":0,"58":1,"59":1,"60":1,"61":1,"62":1,"63":0,"64":1,"65":1,"66":1,"67":1,"68":0,"69":1,"70":1,"71":1,"72":1,"73":1,"74":0,"75":1,"76":1,"77":1,"78":1,"79":1,"80":1,"81":0,"82":1,"83":1,"84":1,"85":1,"86":1,"87":1,"88":0,"89":1,"90":1,"91":1,"92":1,"93":1,"94":1,"95":0,"96":1,"97":1,"98":1,"99":1,"100":0,"101":1,"102":1,"103":1,"104":1,"105":1,"106":1,"107":1,"108":1,"109":1,"110":1,"111":1,"112":1,"113":1,"114":1,"115":1},"f":{"0":1,"1":1,"2":1,"3":1,"4":1,"5":1,"6":0,"7":1,"8":1,"9":0,"10":1,"11":1,"12":1,"13":0,"14":1,"15":1,"16":0,"17":1,"18":1,"19":0,"20":1,"21":1,"22":0,"23":1,"24":1,"25":1,"26":0,"27":1,"28":1,"29":0,"30":1,"31":1,"32":0,"33":1,"34":1,"35":0,"36":1,"37":1,"38":0,"39":1,"40":1},"b":{},"_coverageSchema":"43e27e138ebf9cfc5966b082cf9a028302ed4184","hash":"eb8500b72b02fb1be7d6d37e6fb9bcbbd798a335","contentHash":"1a0969f1e972e04a7f29044e0b05e96daea39fa079d37540d0457b3d81254590"},"C:\\UniBe\\ese\\team9\\ESE-2019-Project\\backend\\api\\.dev\\tests\\categories\\test.js":{"path":"C:\\UniBe\\ese\\team9\\ESE-2019-Project\\backend\\api\\.dev\\tests\\categories\\test.js","statementMap":{"0":{"start":{"line":1,"column":12},"end":{"line":1,"column":35}},"1":{"start":{"line":2,"column":12},"end":{"line":2,"column":44}},"2":{"start":{"line":3,"column":13},"end":{"line":3,"column":28}},"3":{"start":{"line":4,"column":17},"end":{"line":4,"column":37}},"4":{"start":{"line":5,"column":0},"end":{"line":5,"column":19}},"5":{"start":{"line":6,"column":16},"end":{"line":6,"column":44}},"6":{"start":{"line":7,"column":15},"end":{"line":7,"column":26}},"7":{"start":{"line":8,"column":15},"end":{"line":8,"column":44}},"8":{"start":{"line":10,"column":0},"end":{"line":155,"column":2}},"9":{"start":{"line":15,"column":4},"end":{"line":18,"column":7}},"10":{"start":{"line":17,"column":8},"end":{"line":17,"column":40}},"11":{"start":{"line":19,"column":4},"end":{"line":43,"column":7}},"12":{"start":{"line":20,"column":23},"end":{"line":20,"column":76}},"13":{"start":{"line":21,"column":8},"end":{"line":42,"column":11}},"14":{"start":{"line":25,"column":12},"end":{"line":25,"column":46}},"15":{"start":{"line":26,"column":12},"end":{"line":26,"column":42}},"16":{"start":{"line":27,"column":12},"end":{"line":27,"column":38}},"17":{"start":{"line":28,"column":12},"end":{"line":28,"column":59}},"18":{"start":{"line":29,"column":12},"end":{"line":38,"column":15}},"19":{"start":{"line":31,"column":16},"end":{"line":31,"column":43}},"20":{"start":{"line":32,"column":16},"end":{"line":32,"column":41}},"21":{"start":{"line":33,"column":16},"end":{"line":33,"column":44}},"22":{"start":{"line":34,"column":16},"end":{"line":34,"column":107}},"23":{"start":{"line":35,"column":16},"end":{"line":35,"column":23}},"24":{"start":{"line":37,"column":16},"end":{"line":37,"column":26}},"25":{"start":{"line":41,"column":12},"end":{"line":41,"column":22}},"26":{"start":{"line":47,"column":4},"end":{"line":76,"column":7}},"27":{"start":{"line":48,"column":22},"end":{"line":48,"column":128}},"28":{"start":{"line":49,"column":8},"end":{"line":75,"column":11}},"29":{"start":{"line":53,"column":12},"end":{"line":53,"column":49}},"30":{"start":{"line":54,"column":12},"end":{"line":54,"column":58}},"31":{"start":{"line":55,"column":12},"end":{"line":55,"column":55}},"32":{"start":{"line":56,"column":12},"end":{"line":56,"column":88}},"33":{"start":{"line":57,"column":12},"end":{"line":57,"column":59}},"34":{"start":{"line":58,"column":12},"end":{"line":58,"column":71}},"35":{"start":{"line":60,"column":12},"end":{"line":71,"column":15}},"36":{"start":{"line":62,"column":16},"end":{"line":62,"column":76}},"37":{"start":{"line":63,"column":16},"end":{"line":63,"column":58}},"38":{"start":{"line":64,"column":16},"end":{"line":64,"column":62}},"39":{"start":{"line":65,"column":29},"end":{"line":65,"column":57}},"40":{"start":{"line":66,"column":16},"end":{"line":66,"column":79}},"41":{"start":{"line":67,"column":16},"end":{"line":67,"column":57}},"42":{"start":{"line":68,"column":16},"end":{"line":68,"column":23}},"43":{"start":{"line":70,"column":16},"end":{"line":70,"column":26}},"44":{"start":{"line":74,"column":12},"end":{"line":74,"column":22}},"45":{"start":{"line":77,"column":4},"end":{"line":87,"column":7}},"46":{"start":{"line":78,"column":8},"end":{"line":86,"column":11}},"47":{"start":{"line":80,"column":12},"end":{"line":80,"column":56}},"48":{"start":{"line":81,"column":12},"end":{"line":81,"column":37}},"49":{"start":{"line":82,"column":12},"end":{"line":82,"column":19}},"50":{"start":{"line":85,"column":12},"end":{"line":85,"column":22}},"51":{"start":{"line":88,"column":4},"end":{"line":106,"column":7}},"52":{"start":{"line":89,"column":20},"end":{"line":89,"column":30}},"53":{"start":{"line":90,"column":8},"end":{"line":105,"column":11}},"54":{"start":{"line":92,"column":12},"end":{"line":92,"column":58}},"55":{"start":{"line":93,"column":12},"end":{"line":93,"column":37}},"56":{"start":{"line":94,"column":12},"end":{"line":95,"column":75}},"57":{"start":{"line":96,"column":12},"end":{"line":96,"column":54}},"58":{"start":{"line":97,"column":12},"end":{"line":97,"column":91}},"59":{"start":{"line":98,"column":12},"end":{"line":100,"column":13}},"60":{"start":{"line":98,"column":24},"end":{"line":98,"column":25}},"61":{"start":{"line":99,"column":16},"end":{"line":99,"column":62}},"62":{"start":{"line":101,"column":12},"end":{"line":101,"column":19}},"63":{"start":{"line":104,"column":12},"end":{"line":104,"column":22}},"64":{"start":{"line":107,"column":4},"end":{"line":128,"column":7}},"65":{"start":{"line":108,"column":8},"end":{"line":127,"column":11}},"66":{"start":{"line":114,"column":12},"end":{"line":114,"column":42}},"67":{"start":{"line":116,"column":12},"end":{"line":123,"column":14}},"68":{"start":{"line":118,"column":16},"end":{"line":118,"column":46}},"69":{"start":{"line":119,"column":16},"end":{"line":119,"column":62}},"70":{"start":{"line":120,"column":16},"end":{"line":120,"column":23}},"71":{"start":{"line":122,"column":16},"end":{"line":122,"column":26}},"72":{"start":{"line":126,"column":12},"end":{"line":126,"column":22}},"73":{"start":{"line":129,"column":4},"end":{"line":144,"column":7}},"74":{"start":{"line":130,"column":8},"end":{"line":143,"column":11}},"75":{"start":{"line":133,"column":12},"end":{"line":133,"column":42}},"76":{"start":{"line":134,"column":12},"end":{"line":140,"column":14}},"77":{"start":{"line":136,"column":16},"end":{"line":136,"column":46}},"78":{"start":{"line":137,"column":16},"end":{"line":137,"column":23}},"79":{"start":{"line":139,"column":16},"end":{"line":139,"column":26}},"80":{"start":{"line":142,"column":12},"end":{"line":142,"column":22}},"81":{"start":{"line":145,"column":4},"end":{"line":154,"column":7}},"82":{"start":{"line":146,"column":8},"end":{"line":153,"column":11}},"83":{"start":{"line":149,"column":12},"end":{"line":149,"column":42}},"84":{"start":{"line":150,"column":12},"end":{"line":150,"column":19}},"85":{"start":{"line":152,"column":12},"end":{"line":152,"column":22}}},"fnMap":{"0":{"name":"(anonymous_0)","decl":{"start":{"line":10,"column":28},"end":{"line":10,"column":29}},"loc":{"start":{"line":10,"column":32},"end":{"line":155,"column":1}},"line":10},"1":{"name":"(anonymous_1)","decl":{"start":{"line":15,"column":11},"end":{"line":15,"column":12}},"loc":{"start":{"line":15,"column":21},"end":{"line":18,"column":5}},"line":15},"2":{"name":"(anonymous_2)","decl":{"start":{"line":19,"column":23},"end":{"line":19,"column":24}},"loc":{"start":{"line":19,"column":31},"end":{"line":43,"column":5}},"line":19},"3":{"name":"(anonymous_3)","decl":{"start":{"line":24,"column":14},"end":{"line":24,"column":15}},"loc":{"start":{"line":24,"column":21},"end":{"line":39,"column":9}},"line":24},"4":{"name":"(anonymous_4)","decl":{"start":{"line":30,"column":18},"end":{"line":30,"column":19}},"loc":{"start":{"line":30,"column":27},"end":{"line":36,"column":13}},"line":30},"5":{"name":"(anonymous_5)","decl":{"start":{"line":36,"column":21},"end":{"line":36,"column":22}},"loc":{"start":{"line":36,"column":29},"end":{"line":38,"column":13}},"line":36},"6":{"name":"(anonymous_6)","decl":{"start":{"line":40,"column":15},"end":{"line":40,"column":16}},"loc":{"start":{"line":40,"column":22},"end":{"line":42,"column":9}},"line":40},"7":{"name":"(anonymous_7)","decl":{"start":{"line":47,"column":26},"end":{"line":47,"column":27}},"loc":{"start":{"line":47,"column":34},"end":{"line":76,"column":5}},"line":47},"8":{"name":"(anonymous_8)","decl":{"start":{"line":52,"column":14},"end":{"line":52,"column":15}},"loc":{"start":{"line":52,"column":23},"end":{"line":72,"column":9}},"line":52},"9":{"name":"(anonymous_9)","decl":{"start":{"line":61,"column":18},"end":{"line":61,"column":19}},"loc":{"start":{"line":61,"column":27},"end":{"line":69,"column":13}},"line":61},"10":{"name":"(anonymous_10)","decl":{"start":{"line":69,"column":21},"end":{"line":69,"column":22}},"loc":{"start":{"line":69,"column":30},"end":{"line":71,"column":13}},"line":69},"11":{"name":"(anonymous_11)","decl":{"start":{"line":73,"column":15},"end":{"line":73,"column":16}},"loc":{"start":{"line":73,"column":22},"end":{"line":75,"column":9}},"line":73},"12":{"name":"(anonymous_12)","decl":{"start":{"line":77,"column":29},"end":{"line":77,"column":30}},"loc":{"start":{"line":77,"column":37},"end":{"line":87,"column":5}},"line":77},"13":{"name":"(anonymous_13)","decl":{"start":{"line":79,"column":14},"end":{"line":79,"column":15}},"loc":{"start":{"line":79,"column":22},"end":{"line":83,"column":9}},"line":79},"14":{"name":"(anonymous_14)","decl":{"start":{"line":84,"column":15},"end":{"line":84,"column":16}},"loc":{"start":{"line":84,"column":24},"end":{"line":86,"column":9}},"line":84},"15":{"name":"(anonymous_15)","decl":{"start":{"line":88,"column":30},"end":{"line":88,"column":31}},"loc":{"start":{"line":88,"column":38},"end":{"line":106,"column":5}},"line":88},"16":{"name":"(anonymous_16)","decl":{"start":{"line":91,"column":14},"end":{"line":91,"column":15}},"loc":{"start":{"line":91,"column":22},"end":{"line":102,"column":9}},"line":91},"17":{"name":"(anonymous_17)","decl":{"start":{"line":103,"column":15},"end":{"line":103,"column":16}},"loc":{"start":{"line":103,"column":24},"end":{"line":105,"column":9}},"line":103},"18":{"name":"(anonymous_18)","decl":{"start":{"line":107,"column":26},"end":{"line":107,"column":27}},"loc":{"start":{"line":107,"column":34},"end":{"line":128,"column":5}},"line":107},"19":{"name":"(anonymous_19)","decl":{"start":{"line":113,"column":14},"end":{"line":113,"column":15}},"loc":{"start":{"line":113,"column":22},"end":{"line":124,"column":9}},"line":113},"20":{"name":"(anonymous_20)","decl":{"start":{"line":117,"column":18},"end":{"line":117,"column":19}},"loc":{"start":{"line":117,"column":25},"end":{"line":121,"column":13}},"line":117},"21":{"name":"(anonymous_21)","decl":{"start":{"line":121,"column":21},"end":{"line":121,"column":22}},"loc":{"start":{"line":121,"column":29},"end":{"line":123,"column":13}},"line":121},"22":{"name":"(anonymous_22)","decl":{"start":{"line":125,"column":15},"end":{"line":125,"column":16}},"loc":{"start":{"line":125,"column":24},"end":{"line":127,"column":9}},"line":125},"23":{"name":"(anonymous_23)","decl":{"start":{"line":129,"column":29},"end":{"line":129,"column":30}},"loc":{"start":{"line":129,"column":38},"end":{"line":144,"column":5}},"line":129},"24":{"name":"(anonymous_24)","decl":{"start":{"line":132,"column":14},"end":{"line":132,"column":15}},"loc":{"start":{"line":132,"column":22},"end":{"line":141,"column":9}},"line":132},"25":{"name":"(anonymous_25)","decl":{"start":{"line":135,"column":18},"end":{"line":135,"column":19}},"loc":{"start":{"line":135,"column":26},"end":{"line":138,"column":13}},"line":135},"26":{"name":"(anonymous_26)","decl":{"start":{"line":138,"column":21},"end":{"line":138,"column":22}},"loc":{"start":{"line":138,"column":29},"end":{"line":140,"column":13}},"line":138},"27":{"name":"(anonymous_27)","decl":{"start":{"line":141,"column":17},"end":{"line":141,"column":18}},"loc":{"start":{"line":141,"column":22},"end":{"line":143,"column":9}},"line":141},"28":{"name":"(anonymous_28)","decl":{"start":{"line":145,"column":26},"end":{"line":145,"column":27}},"loc":{"start":{"line":145,"column":34},"end":{"line":154,"column":5}},"line":145},"29":{"name":"(anonymous_29)","decl":{"start":{"line":148,"column":14},"end":{"line":148,"column":15}},"loc":{"start":{"line":148,"column":22},"end":{"line":151,"column":9}},"line":148},"30":{"name":"(anonymous_30)","decl":{"start":{"line":151,"column":17},"end":{"line":151,"column":18}},"loc":{"start":{"line":151,"column":22},"end":{"line":153,"column":9}},"line":151}},"branchMap":{},"s":{"0":1,"1":1,"2":1,"3":1,"4":1,"5":1,"6":1,"7":1,"8":1,"9":1,"10":1,"11":1,"12":1,"13":1,"14":1,"15":1,"16":1,"17":1,"18":1,"19":1,"20":1,"21":1,"22":1,"23":1,"24":0,"25":0,"26":1,"27":1,"28":1,"29":1,"30":1,"31":1,"32":1,"33":1,"34":1,"35":1,"36":1,"37":1,"38":1,"39":1,"40":1,"41":1,"42":1,"43":0,"44":0,"45":1,"46":1,"47":1,"48":1,"49":1,"50":0,"51":1,"52":1,"53":1,"54":1,"55":1,"56":1,"57":1,"58":1,"59":1,"60":1,"61":1,"62":1,"63":0,"64":1,"65":1,"66":1,"67":1,"68":1,"69":1,"70":1,"71":0,"72":0,"73":1,"74":1,"75":1,"76":1,"77":1,"78":1,"79":0,"80":0,"81":1,"82":1,"83":1,"84":1,"85":0},"f":{"0":1,"1":1,"2":1,"3":1,"4":1,"5":0,"6":0,"7":1,"8":1,"9":1,"10":0,"11":0,"12":1,"13":1,"14":0,"15":1,"16":1,"17":0,"18":1,"19":1,"20":1,"21":0,"22":0,"23":1,"24":1,"25":1,"26":0,"27":0,"28":1,"29":1,"30":0},"b":{},"_coverageSchema":"43e27e138ebf9cfc5966b082cf9a028302ed4184","hash":"318221501b945c4434bcb05901112c4d2b965914","contentHash":"325f5681b04ab714dddd7d5125b1219518460927c669ac47467807e2e6324c82"},"C:\\UniBe\\ese\\team9\\ESE-2019-Project\\backend\\api\\.dev\\tests\\methods\\methods.js":{"path":"C:\\UniBe\\ese\\team9\\ESE-2019-Project\\backend\\api\\.dev\\tests\\methods\\methods.js","statementMap":{"0":{"start":{"line":1,"column":12},"end":{"line":1,"column":35}},"1":{"start":{"line":2,"column":17},"end":{"line":2,"column":83}},"2":{"start":{"line":7,"column":0},"end":{"line":19,"column":1}},"3":{"start":{"line":8,"column":4},"end":{"line":18,"column":6}},"4":{"start":{"line":9,"column":8},"end":{"line":17,"column":9}},"5":{"start":{"line":10,"column":12},"end":{"line":14,"column":13}},"6":{"start":{"line":11,"column":16},"end":{"line":11,"column":60}},"7":{"start":{"line":13,"column":16},"end":{"line":13,"column":55}},"8":{"start":{"line":16,"column":12},"end":{"line":16,"column":24}},"9":{"start":{"line":21,"column":0},"end":{"line":30,"column":1}},"10":{"start":{"line":22,"column":4},"end":{"line":29,"column":6}},"11":{"start":{"line":23,"column":8},"end":{"line":28,"column":9}},"12":{"start":{"line":24,"column":26},"end":{"line":24,"column":55}},"13":{"start":{"line":25,"column":12},"end":{"line":25,"column":29}},"14":{"start":{"line":27,"column":12},"end":{"line":27,"column":24}}},"fnMap":{"0":{"name":"(anonymous_0)","decl":{"start":{"line":7,"column":19},"end":{"line":7,"column":20}},"loc":{"start":{"line":7,"column":32},"end":{"line":19,"column":1}},"line":7},"1":{"name":"(anonymous_1)","decl":{"start":{"line":8,"column":23},"end":{"line":8,"column":24}},"loc":{"start":{"line":8,"column":42},"end":{"line":18,"column":5}},"line":8},"2":{"name":"(anonymous_2)","decl":{"start":{"line":21,"column":22},"end":{"line":21,"column":23}},"loc":{"start":{"line":21,"column":33},"end":{"line":30,"column":1}},"line":21},"3":{"name":"(anonymous_3)","decl":{"start":{"line":22,"column":23},"end":{"line":22,"column":24}},"loc":{"start":{"line":22,"column":44},"end":{"line":29,"column":5}},"line":22}},"branchMap":{"0":{"loc":{"start":{"line":10,"column":12},"end":{"line":14,"column":13}},"type":"if","locations":[{"start":{"line":10,"column":12},"end":{"line":14,"column":13}},{"start":{"line":10,"column":12},"end":{"line":14,"column":13}}],"line":10}},"s":{"0":1,"1":1,"2":1,"3":4,"4":4,"5":4,"6":1,"7":3,"8":0,"9":1,"10":0,"11":0,"12":0,"13":0,"14":0},"f":{"0":4,"1":4,"2":0,"3":0},"b":{"0":[1,3]},"_coverageSchema":"43e27e138ebf9cfc5966b082cf9a028302ed4184","hash":"45ea2c01430a424f2b797a68a48c2dc48b3ac026","contentHash":"8ad1ba4db58f60ae354e4d963a34df686dd779f57f4d9d2d09757adeaa5c3cf9"},"C:\\UniBe\\ese\\team9\\ESE-2019-Project\\backend\\api\\.dev\\tests\\products\\test.js":{"path":"C:\\UniBe\\ese\\team9\\ESE-2019-Project\\backend\\api\\.dev\\tests\\products\\test.js","statementMap":{"0":{"start":{"line":1,"column":12},"end":{"line":1,"column":35}},"1":{"start":{"line":2,"column":11},"end":{"line":2,"column":24}},"2":{"start":{"line":3,"column":12},"end":{"line":3,"column":43}},"3":{"start":{"line":4,"column":15},"end":{"line":4,"column":47}},"4":{"start":{"line":5,"column":13},"end":{"line":5,"column":28}},"5":{"start":{"line":6,"column":17},"end":{"line":6,"column":37}},"6":{"start":{"line":7,"column":0},"end":{"line":7,"column":19}},"7":{"start":{"line":8,"column":16},"end":{"line":8,"column":44}},"8":{"start":{"line":9,"column":19},"end":{"line":9,"column":78}},"9":{"start":{"line":10,"column":19},"end":{"line":10,"column":50}},"10":{"start":{"line":11,"column":17},"end":{"line":11,"column":55}},"11":{"start":{"line":12,"column":15},"end":{"line":12,"column":44}},"12":{"start":{"line":13,"column":15},"end":{"line":13,"column":26}},"13":{"start":{"line":15,"column":0},"end":{"line":207,"column":3}},"14":{"start":{"line":20,"column":18},"end":{"line":20,"column":28}},"15":{"start":{"line":21,"column":21},"end":{"line":21,"column":37}},"16":{"start":{"line":24,"column":4},"end":{"line":40,"column":7}},"17":{"start":{"line":25,"column":23},"end":{"line":25,"column":75}},"18":{"start":{"line":26,"column":22},"end":{"line":26,"column":125}},"19":{"start":{"line":28,"column":8},"end":{"line":28,"column":96}},"20":{"start":{"line":29,"column":8},"end":{"line":39,"column":9}},"21":{"start":{"line":31,"column":22},"end":{"line":31,"column":65}},"22":{"start":{"line":32,"column":12},"end":{"line":32,"column":34}},"23":{"start":{"line":33,"column":12},"end":{"line":33,"column":28}},"24":{"start":{"line":35,"column":24},"end":{"line":35,"column":66}},"25":{"start":{"line":36,"column":12},"end":{"line":36,"column":34}},"26":{"start":{"line":38,"column":12},"end":{"line":38,"column":33}},"27":{"start":{"line":42,"column":4},"end":{"line":61,"column":7}},"28":{"start":{"line":44,"column":8},"end":{"line":51,"column":10}},"29":{"start":{"line":47,"column":12},"end":{"line":47,"column":42}},"30":{"start":{"line":50,"column":12},"end":{"line":50,"column":33}},"31":{"start":{"line":53,"column":8},"end":{"line":60,"column":10}},"32":{"start":{"line":56,"column":12},"end":{"line":56,"column":52}},"33":{"start":{"line":59,"column":12},"end":{"line":59,"column":33}},"34":{"start":{"line":63,"column":4},"end":{"line":81,"column":7}},"35":{"start":{"line":64,"column":8},"end":{"line":80,"column":11}},"36":{"start":{"line":66,"column":12},"end":{"line":66,"column":42}},"37":{"start":{"line":67,"column":12},"end":{"line":67,"column":37}},"38":{"start":{"line":68,"column":12},"end":{"line":71,"column":55}},"39":{"start":{"line":72,"column":12},"end":{"line":72,"column":49}},"40":{"start":{"line":73,"column":12},"end":{"line":75,"column":60}},"41":{"start":{"line":76,"column":12},"end":{"line":76,"column":19}},"42":{"start":{"line":79,"column":12},"end":{"line":79,"column":22}},"43":{"start":{"line":83,"column":4},"end":{"line":106,"column":7}},"44":{"start":{"line":84,"column":8},"end":{"line":105,"column":10}},"45":{"start":{"line":95,"column":12},"end":{"line":95,"column":46}},"46":{"start":{"line":96,"column":12},"end":{"line":96,"column":52}},"47":{"start":{"line":97,"column":12},"end":{"line":97,"column":38}},"48":{"start":{"line":98,"column":12},"end":{"line":98,"column":53}},"49":{"start":{"line":99,"column":12},"end":{"line":99,"column":58}},"50":{"start":{"line":100,"column":12},"end":{"line":100,"column":43}},"51":{"start":{"line":101,"column":12},"end":{"line":101,"column":19}},"52":{"start":{"line":104,"column":12},"end":{"line":104,"column":21}},"53":{"start":{"line":107,"column":4},"end":{"line":110,"column":6}},"54":{"start":{"line":108,"column":21},"end":{"line":108,"column":62}},"55":{"start":{"line":109,"column":8},"end":{"line":109,"column":41}},"56":{"start":{"line":111,"column":4},"end":{"line":131,"column":7}},"57":{"start":{"line":112,"column":8},"end":{"line":130,"column":11}},"58":{"start":{"line":116,"column":12},"end":{"line":116,"column":52}},"59":{"start":{"line":117,"column":12},"end":{"line":126,"column":15}},"60":{"start":{"line":120,"column":16},"end":{"line":120,"column":78}},"61":{"start":{"line":121,"column":16},"end":{"line":121,"column":63}},"62":{"start":{"line":122,"column":16},"end":{"line":122,"column":50}},"63":{"start":{"line":123,"column":16},"end":{"line":123,"column":23}},"64":{"start":{"line":125,"column":16},"end":{"line":125,"column":26}},"65":{"start":{"line":129,"column":12},"end":{"line":129,"column":22}},"66":{"start":{"line":132,"column":4},"end":{"line":152,"column":7}},"67":{"start":{"line":133,"column":8},"end":{"line":151,"column":11}},"68":{"start":{"line":137,"column":12},"end":{"line":137,"column":52}},"69":{"start":{"line":138,"column":12},"end":{"line":147,"column":15}},"70":{"start":{"line":141,"column":16},"end":{"line":141,"column":78}},"71":{"start":{"line":142,"column":16},"end":{"line":142,"column":63}},"72":{"start":{"line":143,"column":16},"end":{"line":143,"column":49}},"73":{"start":{"line":144,"column":16},"end":{"line":144,"column":23}},"74":{"start":{"line":146,"column":16},"end":{"line":146,"column":26}},"75":{"start":{"line":150,"column":12},"end":{"line":150,"column":22}},"76":{"start":{"line":153,"column":4},"end":{"line":174,"column":6}},"77":{"start":{"line":154,"column":8},"end":{"line":173,"column":11}},"78":{"start":{"line":158,"column":12},"end":{"line":158,"column":52}},"79":{"start":{"line":159,"column":12},"end":{"line":169,"column":15}},"80":{"start":{"line":162,"column":16},"end":{"line":162,"column":78}},"81":{"start":{"line":163,"column":16},"end":{"line":163,"column":63}},"82":{"start":{"line":164,"column":16},"end":{"line":164,"column":50}},"83":{"start":{"line":165,"column":16},"end":{"line":165,"column":49}},"84":{"start":{"line":166,"column":16},"end":{"line":166,"column":23}},"85":{"start":{"line":168,"column":16},"end":{"line":168,"column":26}},"86":{"start":{"line":172,"column":12},"end":{"line":172,"column":22}},"87":{"start":{"line":175,"column":4},"end":{"line":195,"column":7}},"88":{"start":{"line":176,"column":8},"end":{"line":194,"column":11}},"89":{"start":{"line":180,"column":12},"end":{"line":180,"column":52}},"90":{"start":{"line":181,"column":12},"end":{"line":190,"column":15}},"91":{"start":{"line":184,"column":16},"end":{"line":184,"column":78}},"92":{"start":{"line":185,"column":16},"end":{"line":185,"column":49}},"93":{"start":{"line":186,"column":16},"end":{"line":186,"column":50}},"94":{"start":{"line":187,"column":16},"end":{"line":187,"column":23}},"95":{"start":{"line":189,"column":16},"end":{"line":189,"column":26}},"96":{"start":{"line":193,"column":12},"end":{"line":193,"column":22}},"97":{"start":{"line":196,"column":4},"end":{"line":206,"column":7}},"98":{"start":{"line":197,"column":8},"end":{"line":205,"column":10}},"99":{"start":{"line":200,"column":12},"end":{"line":200,"column":42}},"100":{"start":{"line":201,"column":12},"end":{"line":201,"column":19}},"101":{"start":{"line":204,"column":12},"end":{"line":204,"column":22}}},"fnMap":{"0":{"name":"(anonymous_0)","decl":{"start":{"line":15,"column":26},"end":{"line":15,"column":27}},"loc":{"start":{"line":15,"column":30},"end":{"line":207,"column":1}},"line":15},"1":{"name":"(anonymous_1)","decl":{"start":{"line":24,"column":11},"end":{"line":24,"column":12}},"loc":{"start":{"line":24,"column":20},"end":{"line":40,"column":5}},"line":24},"2":{"name":"(anonymous_2)","decl":{"start":{"line":42,"column":10},"end":{"line":42,"column":11}},"loc":{"start":{"line":42,"column":14},"end":{"line":61,"column":5}},"line":42},"3":{"name":"(anonymous_3)","decl":{"start":{"line":46,"column":14},"end":{"line":46,"column":15}},"loc":{"start":{"line":46,"column":22},"end":{"line":48,"column":9}},"line":46},"4":{"name":"(anonymous_4)","decl":{"start":{"line":49,"column":15},"end":{"line":49,"column":16}},"loc":{"start":{"line":49,"column":24},"end":{"line":51,"column":9}},"line":49},"5":{"name":"(anonymous_5)","decl":{"start":{"line":55,"column":14},"end":{"line":55,"column":15}},"loc":{"start":{"line":55,"column":22},"end":{"line":57,"column":9}},"line":55},"6":{"name":"(anonymous_6)","decl":{"start":{"line":58,"column":15},"end":{"line":58,"column":16}},"loc":{"start":{"line":58,"column":23},"end":{"line":60,"column":9}},"line":58},"7":{"name":"(anonymous_7)","decl":{"start":{"line":63,"column":22},"end":{"line":63,"column":23}},"loc":{"start":{"line":63,"column":32},"end":{"line":81,"column":5}},"line":63},"8":{"name":"(anonymous_8)","decl":{"start":{"line":65,"column":14},"end":{"line":65,"column":15}},"loc":{"start":{"line":65,"column":21},"end":{"line":77,"column":9}},"line":65},"9":{"name":"(anonymous_9)","decl":{"start":{"line":78,"column":15},"end":{"line":78,"column":16}},"loc":{"start":{"line":78,"column":24},"end":{"line":80,"column":9}},"line":78},"10":{"name":"(anonymous_10)","decl":{"start":{"line":83,"column":21},"end":{"line":83,"column":22}},"loc":{"start":{"line":83,"column":29},"end":{"line":106,"column":5}},"line":83},"11":{"name":"(anonymous_11)","decl":{"start":{"line":94,"column":14},"end":{"line":94,"column":15}},"loc":{"start":{"line":94,"column":23},"end":{"line":102,"column":9}},"line":94},"12":{"name":"(anonymous_12)","decl":{"start":{"line":103,"column":15},"end":{"line":103,"column":16}},"loc":{"start":{"line":103,"column":24},"end":{"line":105,"column":9}},"line":103},"13":{"name":"(anonymous_13)","decl":{"start":{"line":107,"column":23},"end":{"line":107,"column":24}},"loc":{"start":{"line":107,"column":33},"end":{"line":110,"column":5}},"line":107},"14":{"name":"(anonymous_14)","decl":{"start":{"line":111,"column":24},"end":{"line":111,"column":25}},"loc":{"start":{"line":111,"column":32},"end":{"line":131,"column":5}},"line":111},"15":{"name":"(anonymous_15)","decl":{"start":{"line":115,"column":14},"end":{"line":115,"column":15}},"loc":{"start":{"line":115,"column":23},"end":{"line":127,"column":9}},"line":115},"16":{"name":"(anonymous_16)","decl":{"start":{"line":119,"column":18},"end":{"line":119,"column":19}},"loc":{"start":{"line":119,"column":27},"end":{"line":124,"column":13}},"line":119},"17":{"name":"(anonymous_17)","decl":{"start":{"line":124,"column":21},"end":{"line":124,"column":22}},"loc":{"start":{"line":124,"column":29},"end":{"line":126,"column":13}},"line":124},"18":{"name":"(anonymous_18)","decl":{"start":{"line":128,"column":15},"end":{"line":128,"column":16}},"loc":{"start":{"line":128,"column":22},"end":{"line":130,"column":9}},"line":128},"19":{"name":"(anonymous_19)","decl":{"start":{"line":132,"column":38},"end":{"line":132,"column":39}},"loc":{"start":{"line":132,"column":48},"end":{"line":152,"column":5}},"line":132},"20":{"name":"(anonymous_20)","decl":{"start":{"line":136,"column":14},"end":{"line":136,"column":15}},"loc":{"start":{"line":136,"column":23},"end":{"line":148,"column":9}},"line":136},"21":{"name":"(anonymous_21)","decl":{"start":{"line":140,"column":18},"end":{"line":140,"column":19}},"loc":{"start":{"line":140,"column":27},"end":{"line":145,"column":13}},"line":140},"22":{"name":"(anonymous_22)","decl":{"start":{"line":145,"column":21},"end":{"line":145,"column":22}},"loc":{"start":{"line":145,"column":29},"end":{"line":147,"column":13}},"line":145},"23":{"name":"(anonymous_23)","decl":{"start":{"line":149,"column":15},"end":{"line":149,"column":16}},"loc":{"start":{"line":149,"column":22},"end":{"line":151,"column":9}},"line":149},"24":{"name":"(anonymous_24)","decl":{"start":{"line":153,"column":29},"end":{"line":153,"column":30}},"loc":{"start":{"line":153,"column":39},"end":{"line":174,"column":5}},"line":153},"25":{"name":"(anonymous_25)","decl":{"start":{"line":157,"column":14},"end":{"line":157,"column":15}},"loc":{"start":{"line":157,"column":23},"end":{"line":170,"column":9}},"line":157},"26":{"name":"(anonymous_26)","decl":{"start":{"line":161,"column":18},"end":{"line":161,"column":19}},"loc":{"start":{"line":161,"column":27},"end":{"line":167,"column":13}},"line":161},"27":{"name":"(anonymous_27)","decl":{"start":{"line":167,"column":21},"end":{"line":167,"column":22}},"loc":{"start":{"line":167,"column":29},"end":{"line":169,"column":13}},"line":167},"28":{"name":"(anonymous_28)","decl":{"start":{"line":171,"column":15},"end":{"line":171,"column":16}},"loc":{"start":{"line":171,"column":22},"end":{"line":173,"column":9}},"line":171},"29":{"name":"(anonymous_29)","decl":{"start":{"line":175,"column":42},"end":{"line":175,"column":43}},"loc":{"start":{"line":175,"column":50},"end":{"line":195,"column":5}},"line":175},"30":{"name":"(anonymous_30)","decl":{"start":{"line":179,"column":14},"end":{"line":179,"column":15}},"loc":{"start":{"line":179,"column":23},"end":{"line":191,"column":9}},"line":179},"31":{"name":"(anonymous_31)","decl":{"start":{"line":183,"column":18},"end":{"line":183,"column":19}},"loc":{"start":{"line":183,"column":27},"end":{"line":188,"column":13}},"line":183},"32":{"name":"(anonymous_32)","decl":{"start":{"line":188,"column":21},"end":{"line":188,"column":22}},"loc":{"start":{"line":188,"column":29},"end":{"line":190,"column":13}},"line":188},"33":{"name":"(anonymous_33)","decl":{"start":{"line":192,"column":15},"end":{"line":192,"column":16}},"loc":{"start":{"line":192,"column":22},"end":{"line":194,"column":9}},"line":192},"34":{"name":"(anonymous_34)","decl":{"start":{"line":196,"column":24},"end":{"line":196,"column":25}},"loc":{"start":{"line":196,"column":33},"end":{"line":206,"column":5}},"line":196},"35":{"name":"(anonymous_35)","decl":{"start":{"line":199,"column":14},"end":{"line":199,"column":15}},"loc":{"start":{"line":199,"column":21},"end":{"line":202,"column":9}},"line":199},"36":{"name":"(anonymous_36)","decl":{"start":{"line":203,"column":15},"end":{"line":203,"column":16}},"loc":{"start":{"line":203,"column":23},"end":{"line":205,"column":9}},"line":203}},"branchMap":{},"s":{"0":1,"1":1,"2":1,"3":1,"4":1,"5":1,"6":1,"7":1,"8":1,"9":1,"10":1,"11":1,"12":1,"13":1,"14":1,"15":1,"16":1,"17":1,"18":1,"19":1,"20":1,"21":1,"22":1,"23":1,"24":1,"25":1,"26":
[...]
,"loc":{"start":{"line":8,"column":43},"end":{"line":29,"column":5}},"line":8},"2":{"name":"(anonymous_2)","decl":{"start":{"line":19,"column":14},"end":{"line":19,"column":15}},"loc":{"start":{"line":19,"column":23},"end":{"line":25,"column":9}},"line":19},"3":{"name":"(anonymous_3)","decl":{"start":{"line":26,"column":15},"end":{"line":26,"column":16}},"loc":{"start":{"line":26,"column":24},"end":{"line":28,"column":9}},"line":26},"4":{"name":"(anonymous_4)","decl":{"start":{"line":32,"column":16},"end":{"line":32,"column":17}},"loc":{"start":{"line":32,"column":29},"end":{"line":47,"column":1}},"line":32},"5":{"name":"(anonymous_5)","decl":{"start":{"line":33,"column":23},"end":{"line":33,"column":24}},"loc":{"start":{"line":33,"column":44},"end":{"line":46,"column":5}},"line":33},"6":{"name":"(anonymous_6)","decl":{"start":{"line":36,"column":14},"end":{"line":36,"column":15}},"loc":{"start":{"line":36,"column":21},"end":{"line":42,"column":9}},"line":36},"7":{"name":"(anonymous_7)","decl":{"start":{"line":43,"column":15},"end":{"line":43,"column":16}},"loc":{"start":{"line":43,"column":23},"end":{"line":45,"column":9}},"line":43}},"branchMap":{"0":{"loc":{"start":{"line":20,"column":11},"end":{"line":24,"column":12}},"type":"if","locations":[{"start":{"line":20,"column":11},"end":{"line":24,"column":12}},{"start":{"line":20,"column":11},"end":{"line":24,"column":12}}],"line":20},"1":{"loc":{"start":{"line":37,"column":12},"end":{"line":41,"column":13}},"type":"if","locations":[{"start":{"line":37,"column":12},"end":{"line":41,"column":13}},{"start":{"line":37,"column":12},"end":{"line":41,"column":13}}],"line":37}},"s":{"0":1,"1":1,"2":1,"3":1,"4":1,"5":1,"6":3,"7":3,"8":3,"9":3,"10":0,"11":0,"12":1,"13":3,"14":3,"15":3,"16":2,"17":1,"18":0},"f":{"0":3,"1":3,"2":3,"3":0,"4":3,"5":3,"6":3,"7":0},"b":{"0":[3,0],"1":[2,1]},"_coverageSchema":"43e27e138ebf9cfc5966b082cf9a028302ed4184","hash":"f126c7ba13c531ed418481e9465c7a18252d1299","contentHash":"8430aea6d06637a55a075aea258727c58238042d445efd33d1a8776080c40e3d"},"C:\\UniBe\\ese\\team9\\ESE-2019-Project\\backend\\api\\.dev\\tests\\order\\buildAndClean.js":{"path":"C:\\UniBe\\ese\\team9\\ESE-2019-Project\\backend\\api\\.dev\\tests\\order\\buildAndClean.js","statementMap":{"0":{"start":{"line":1,"column":12},"end":{"line":1,"column":41}},"1":{"start":{"line":2,"column":13},"end":{"line":2,"column":28}},"2":{"start":{"line":3,"column":17},"end":{"line":3,"column":37}},"3":{"start":{"line":4,"column":0},"end":{"line":4,"column":19}},"4":{"start":{"line":5,"column":16},"end":{"line":5,"column":33}},"5":{"start":{"line":6,"column":15},"end":{"line":6,"column":44}},"6":{"start":{"line":8,"column":0},"end":{"line":25,"column":1}},"7":{"start":{"line":9,"column":4},"end":{"line":24,"column":7}},"8":{"start":{"line":10,"column":20},"end":{"line":10,"column":39}},"9":{"start":{"line":11,"column":18},"end":{"line":11,"column":37}},"10":{"start":{"line":12,"column":8},"end":{"line":23,"column":11}},"11":{"start":{"line":16,"column":12},"end":{"line":19,"column":57}},"12":{"start":{"line":17,"column":16},"end":{"line":17,"column":40}},"13":{"start":{"line":19,"column":16},"end":{"line":19,"column":57}},"14":{"start":{"line":22,"column":12},"end":{"line":22,"column":24}},"15":{"start":{"line":27,"column":0},"end":{"line":43,"column":1}},"16":{"start":{"line":28,"column":4},"end":{"line":42,"column":7}},"17":{"start":{"line":29,"column":8},"end":{"line":40,"column":10}},"18":{"start":{"line":33,"column":12},"end":{"line":36,"column":33}},"19":{"start":{"line":34,"column":16},"end":{"line":34,"column":34}},"20":{"start":{"line":36,"column":16},"end":{"line":36,"column":33}},"21":{"start":{"line":39,"column":12},"end":{"line":39,"column":24}},"22":{"start":{"line":45,"column":0},"end":{"line":60,"column":1}},"23":{"start":{"line":46,"column":4},"end":{"line":59,"column":7}},"24":{"start":{"line":47,"column":8},"end":{"line":58,"column":10}},"25":{"start":{"line":51,"column":12},"end":{"line":54,"column":33}},"26":{"start":{"line":52,"column":16},"end":{"line":52,"column":34}},"27":{"start":{"line":54,"column":16},"end":{"line":54,"column":33}},"28":{"start":{"line":57,"column":12},"end":{"line":57,"column":24}}},"fnMap":{"0":{"name":"(anonymous_0)","decl":{"start":{"line":8,"column":21},"end":{"line":8,"column":22}},"loc":{"start":{"line":8,"column":41},"end":{"line":25,"column":1}},"line":8},"1":{"name":"(anonymous_1)","decl":{"start":{"line":9,"column":23},"end":{"line":9,"column":24}},"loc":{"start":{"line":9,"column":42},"end":{"line":24,"column":5}},"line":9},"2":{"name":"(anonymous_2)","decl":{"start":{"line":15,"column":14},"end":{"line":15,"column":15}},"loc":{"start":{"line":15,"column":21},"end":{"line":20,"column":9}},"line":15},"3":{"name":"(anonymous_3)","decl":{"start":{"line":21,"column":15},"end":{"line":21,"column":16}},"loc":{"start":{"line":21,"column":24},"end":{"line":23,"column":9}},"line":21},"4":{"name":"(anonymous_4)","decl":{"start":{"line":27,"column":15},"end":{"line":27,"column":16}},"loc":{"start":{"line":27,"column":33},"end":{"line":43,"column":1}},"line":27},"5":{"name":"(anonymous_5)","decl":{"start":{"line":28,"column":23},"end":{"line":28,"column":24}},"loc":{"start":{"line":28,"column":44},"end":{"line":42,"column":5}},"line":28},"6":{"name":"(anonymous_6)","decl":{"start":{"line":32,"column":14},"end":{"line":32,"column":15}},"loc":{"start":{"line":32,"column":23},"end":{"line":37,"column":9}},"line":32},"7":{"name":"(anonymous_7)","decl":{"start":{"line":38,"column":15},"end":{"line":38,"column":16}},"loc":{"start":{"line":38,"column":24},"end":{"line":40,"column":9}},"line":38},"8":{"name":"(anonymous_8)","decl":{"start":{"line":45,"column":17},"end":{"line":45,"column":18}},"loc":{"start":{"line":45,"column":35},"end":{"line":60,"column":1}},"line":45},"9":{"name":"(anonymous_9)","decl":{"start":{"line":46,"column":23},"end":{"line":46,"column":24}},"loc":{"start":{"line":46,"column":44},"end":{"line":59,"column":5}},"line":46},"10":{"name":"(anonymous_10)","decl":{"start":{"line":50,"column":14},"end":{"line":50,"column":15}},"loc":{"start":{"line":50,"column":23},"end":{"line":55,"column":9}},"line":50},"11":{"name":"(anonymous_11)","decl":{"start":{"line":56,"column":14},"end":{"line":56,"column":15}},"loc":{"start":{"line":56,"column":23},"end":{"line":58,"column":9}},"line":56}},"branchMap":{"0":{"loc":{"start":{"line":16,"column":12},"end":{"line":19,"column":57}},"type":"if","locations":[{"start":{"line":16,"column":12},"end":{"line":19,"column":57}},{"start":{"line":16,"column":12},"end":{"line":19,"column":57}}],"line":16},"1":{"loc":{"start":{"line":33,"column":12},"end":{"line":36,"column":33}},"type":"if","locations":[{"start":{"line":33,"column":12},"end":{"line":36,"column":33}},{"start":{"line":33,"column":12},"end":{"line":36,"column":33}}],"line":33},"2":{"loc":{"start":{"line":51,"column":12},"end":{"line":54,"column":33}},"type":"if","locations":[{"start":{"line":51,"column":12},"end":{"line":54,"column":33}},{"start":{"line":51,"column":12},"end":{"line":54,"column":33}}],"line":51}},"s":{"0":1,"1":1,"2":1,"3":1,"4":1,"5":1,"6":1,"7":6,"8":6,"9":6,"10":6,"11":6,"12":6,"13":0,"14":0,"15":1,"16":2,"17":2,"18":2,"19":2,"20":0,"21":0,"22":1,"23":2,"24":2,"25":2,"26":2,"27":0,"28":2},"f":{"0":6,"1":6,"2":6,"3":0,"4":2,"5":2,"6":2,"7":0,"8":2,"9":2,"10":2,"11":2},"b":{"0":[6,0],"1":[2,0],"2":[2,0]},"_coverageSchema":"43e27e138ebf9cfc5966b082cf9a028302ed4184","hash":"e44c42e1bf5d518bbf096ae019d078915eaa05f2","contentHash":"a9f156df8641eb61eeb5c2b785dcc12f85d916afc1d228962c98fa6576729e5c"},"C:\\UniBe\\ese\\team9\\ESE-2019-Project\\backend\\api\\.dev\\tests\\order\\test.js":{"path":"C:\\UniBe\\ese\\team9\\ESE-2019-Project\\backend\\api\\.dev\\tests\\order\\test.js","statementMap":{"0":{"start":{"line":1,"column":12},"end":{"line":1,"column":35}},"1":{"start":{"line":2,"column":13},"end":{"line":2,"column":28}},"2":{"start":{"line":3,"column":17},"end":{"line":3,"column":37}},"3":{"start":{"line":4,"column":15},"end":{"line":4,"column":26}},"4":{"start":{"line":5,"column":0},"end":{"line":5,"column":19}},"5":{"start":{"line":6,"column":12},"end":{"line":6,"column":41}},"6":{"start":{"line":7,"column":16},"end":{"line":7,"column":33}},"7":{"start":{"line":8,"column":17},"end":{"line":8,"column":55}},"8":{"start":{"line":9,"column":16},"end":{"line":9,"column":52}},"9":{"start":{"line":10,"column":13},"end":{"line":10,"column":45}},"10":{"start":{"line":11,"column":14},"end":{"line":11,"column":40}},"11":{"start":{"line":12,"column":15},"end":{"line":12,"column":44}},"12":{"start":{"line":14,"column":0},"end":{"line":176,"column":3}},"13":{"start":{"line":21,"column":18},"end":{"line":21,"column":36}},"14":{"start":{"line":22,"column":21},"end":{"line":22,"column":42}},"15":{"start":{"line":25,"column":4},"end":{"line":51,"column":7}},"16":{"start":{"line":26,"column":23},"end":{"line":26,"column":80}},"17":{"start":{"line":27,"column":22},"end":{"line":27,"column":122}},"18":{"start":{"line":28,"column":8},"end":{"line":44,"column":9}},"19":{"start":{"line":30,"column":12},"end":{"line":30,"column":54}},"20":{"start":{"line":31,"column":12},"end":{"line":31,"column":53}},"21":{"start":{"line":33,"column":12},"end":{"line":33,"column":90}},"22":{"start":{"line":35,"column":12},"end":{"line":35,"column":67}},"23":{"start":{"line":36,"column":12},"end":{"line":36,"column":39}},"24":{"start":{"line":37,"column":12},"end":{"line":37,"column":69}},"25":{"start":{"line":39,"column":12},"end":{"line":39,"column":73}},"26":{"start":{"line":42,"column":12},"end":{"line":42,"column":20}},"27":{"start":{"line":43,"column":12},"end":{"line":43,"column":52}},"28":{"start":{"line":45,"column":8},"end":{"line":45,"column":49}},"29":{"start":{"line":46,"column":8},"end":{"line":46,"column":48}},"30":{"start":{"line":47,"column":8},"end":{"line":47,"column":62}},"31":{"start":{"line":48,"column":8},"end":{"line":48,"column":68}},"32":{"start":{"line":49,"column":8},"end":{"line":49,"column":65}},"33":{"start":{"line":53,"column":4},"end":{"line":63,"column":7}},"34":{"start":{"line":54,"column":8},"end":{"line":62,"column":9}},"35":{"start":{"line":55,"column":12},"end":{"line":55,"column":57}},"36":{"start":{"line":56,"column":12},"end":{"line":56,"column":54}},"37":{"start":{"line":57,"column":12},"end":{"line":57,"column":57}},"38":{"start":{"line":58,"column":12},"end":{"line":58,"column":40}},"39":{"start":{"line":59,"column":12},"end":{"line":59,"column":39}},"40":{"start":{"line":61,"column":12},"end":{"line":61,"column":47}},"41":{"start":{"line":65,"column":4},"end":{"line":75,"column":7}},"42":{"start":{"line":66,"column":20},"end":{"line":66,"column":39}},"43":{"start":{"line":67,"column":18},"end":{"line":67,"column":37}},"44":{"start":{"line":68,"column":18},"end":{"line":70,"column":85}},"45":{"start":{"line":71,"column":8},"end":{"line":71,"column":48}},"46":{"start":{"line":72,"column":8},"end":{"line":72,"column":41}},"47":{"start":{"line":73,"column":8},"end":{"line":73,"column":45}},"48":{"start":{"line":74,"column":8},"end":{"line":74,"column":37}},"49":{"start":{"line":77,"column":4},"end":{"line":83,"column":7}},"50":{"start":{"line":78,"column":23},"end":{"line":78,"column":99}},"51":{"start":{"line":79,"column":24},"end":{"line":79,"column":101}},"52":{"start":{"line":80,"column":8},"end":{"line":80,"column":43}},"53":{"start":{"line":81,"column":8},"end":{"line":81,"column":44}},"54":{"start":{"line":82,"column":8},"end":{"line":82,"column":60}},"55":{"start":{"line":85,"column":4},"end":{"line":88,"column":7}},"56":{"start":{"line":86,"column":24},"end":{"line":86,"column":94}},"57":{"start":{"line":87,"column":8},"end":{"line":87,"column":44}},"58":{"start":{"line":90,"column":4},"end":{"line":93,"column":7}},"59":{"start":{"line":91,"column":23},"end":{"line":91,"column":91}},"60":{"start":{"line":92,"column":8},"end":{"line":92,"column":43}},"61":{"start":{"line":95,"column":4},"end":{"line":99,"column":7}},"62":{"start":{"line":96,"column":24},"end":{"line":96,"column":93}},"63":{"start":{"line":97,"column":8},"end":{"line":97,"column":44}},"64":{"start":{"line":98,"column":8},"end":{"line":98,"column":39}},"65":{"start":{"line":101,"column":4},"end":{"line":105,"column":7}},"66":{"start":{"line":102,"column":23},"end":{"line":102,"column":92}},"67":{"start":{"line":103,"column":8},"end":{"line":103,"column":43}},"68":{"start":{"line":104,"column":8},"end":{"line":104,"column":38}},"69":{"start":{"line":107,"column":4},"end":{"line":115,"column":7}},"70":{"start":{"line":109,"column":18},"end":{"line":109,"column":115}},"71":{"start":{"line":110,"column":8},"end":{"line":110,"column":38}},"72":{"start":{"line":112,"column":21},"end":{"line":112,"column":99}},"73":{"start":{"line":113,"column":8},"end":{"line":113,"column":41}},"74":{"start":{"line":114,"column":8},"end":{"line":114,"column":53}},"75":{"start":{"line":117,"column":4},"end":{"line":127,"column":7}},"76":{"start":{"line":119,"column":23},"end":{"line":119,"column":61}},"77":{"start":{"line":120,"column":8},"end":{"line":120,"column":39}},"78":{"start":{"line":122,"column":18},"end":{"line":122,"column":119}},"79":{"start":{"line":123,"column":8},"end":{"line":123,"column":38}},"80":{"start":{"line":124,"column":21},"end":{"line":124,"column":104}},"81":{"start":{"line":125,"column":8},"end":{"line":125,"column":41}},"82":{"start":{"line":126,"column":8},"end":{"line":126,"column":53}},"83":{"start":{"line":129,"column":4},"end":{"line":137,"column":7}},"84":{"start":{"line":130,"column":23},"end":{"line":130,"column":61}},"85":{"start":{"line":131,"column":18},"end":{"line":131,"column":119}},"86":{"start":{"line":132,"column":8},"end":{"line":132,"column":38}},"87":{"start":{"line":134,"column":21},"end":{"line":134,"column":104}},"88":{"start":{"line":135,"column":8},"end":{"line":135,"column":41}},"89":{"start":{"line":136,"column":8},"end":{"line":136,"column":52}},"90":{"start":{"line":139,"column":4},"end":{"line":147,"column":7}},"91":{"start":{"line":140,"column":23},"end":{"line":140,"column":61}},"92":{"start":{"line":141,"column":18},"end":{"line":141,"column":119}},"93":{"start":{"line":142,"column":8},"end":{"line":142,"column":38}},"94":{"start":{"line":144,"column":21},"end":{"line":144,"column":104}},"95":{"start":{"line":145,"column":8},"end":{"line":145,"column":41}},"96":{"start":{"line":146,"column":8},"end":{"line":146,"column":52}},"97":{"start":{"line":148,"column":4},"end":{"line":155,"column":7}},"98":{"start":{"line":149,"column":22},"end":{"line":149,"column":41}},"99":{"start":{"line":150,"column":18},"end":{"line":150,"column":136}},"100":{"start":{"line":151,"column":8},"end":{"line":151,"column":38}},"101":{"start":{"line":152,"column":21},"end":{"line":152,"column":98}},"102":{"start":{"line":153,"column":8},"end":{"line":153,"column":41}},"103":{"start":{"line":154,"column":8},"end":{"line":154,"column":59}},"104":{"start":{"line":156,"column":4},"end":{"line":163,"column":7}},"105":{"start":{"line":157,"column":22},"end":{"line":157,"column":41}},"106":{"start":{"line":158,"column":18},"end":{"line":158,"column":137}},"107":{"start":{"line":159,"column":8},"end":{"line":159,"column":38}},"108":{"start":{"line":160,"column":21},"end":{"line":160,"column":99}},"109":{"start":{"line":161,"column":8},"end":{"line":161,"column":41}},"110":{"start":{"line":162,"column":8},"end":{"line":162,"column":59}},"111":{"start":{"line":165,"column":4},"end":{"line":175,"column":7}},"112":{"start":{"line":167,"column":26},"end":{"line":167,"column":76}},"113":{"start":{"line":169,"column":24},"end":{"line":169,"column":65}},"114":{"start":{"line":171,"column":9},"end":{"line":171,"column":59}},"115":{"start":{"line":173,"column":19},"end":{"line":173,"column":101}},"116":{"start":{"line":174,"column":9},"end":{"line":174,"column":49}}},"fnMap":{"0":{"name":"(anonymous_0)","decl":{"start":{"line":14,"column":23},"end":{"line":14,"column":24}},"loc":{"start":{"line":14,"column":32},"end":{"line":176,"column":1}},"line":14},"1":{"name":"(anonymous_1)","decl":{"start":{"line":25,"column":11},"end":{"line":25,"column":12}},"loc":{"start":{"line":25,"column":21},"end":{"line":51,"column":5}},"line":25},"2":{"name":"(anonymous_2)","decl":{"start":{"line":53,"column":10},"end":{"line":53,"column":11}},"loc":{"start":{"line":53,"column":20},"end":{"line":63,"column":5}},"line":53},"3":{"name":"(anonymous_3)","decl":{"start":{"line":65,"column":22},"end":{"line":65,"column":23}},"loc":{"start":{"line":65,"column":32},"end":{"line":75,"column":5}},"line":65},"4":{"name":"(anonymous_4)","decl":{"start":{"line":77,"column":26},"end":{"line":77,"column":27}},"loc":{"start":{"line":77,"column":35},"end":{"line":83,"column":5}},"line":77},"5":{"name":"(anonymous_5)","decl":{"start":{"line":85,"column":30},"end":{"line":85,"column":31}},"loc":{"start":{"line":85,"column":39},"end":{"line":88,"column":5}},"line":85},"6":{"name":"(anonymous_6)","decl":{"start":{"line":90,"column":29},"end":{"line":90,"column":30}},"loc":{"start":{"line":90,"column":40},"end":{"line":93,"column":5}},"line":90},"7":{"name":"(anonymous_7)","decl":{"start":{"line":95,"column":44},"end":{"line":95,"column":45}},"loc":{"start":{"line":95,"column":55},"end":{"line":99,"column":5}},"line":95},"8":{"name":"(anonymous_8)","decl":{"start":{"line":101,"column":44},"end":{"line":101,"column":45}},"loc":{"start":{"line":101,"column":55},"end":{"line":105,"column":5}},"line":101},"9":{"name":"(anonymous_9)","decl":{"start":{"line":107,"column":33},"end":{"line":107,"column":34}},"loc":{"start":{"line":107,"column":43},"end":{"line":115,"column":5}},"line":107},"10":{"name":"(anonymous_10)","decl":{"start":{"line":117,"column":33},"end":{"line":117,"column":34}},"loc":{"start":{"line":117,"column":44},"end":{"line":127,"column":5}},"line":117},"11":{"name":"(anonymous_11)","decl":{"start":{"line":129,"column":37},"end":{"line":129,"column":38}},"loc":{"start":{"line":129,"column":48},"end":{"line":137,"column":5}},"line":129},"12":{"name":"(anonymous_12)","decl":{"start":{"line":139,"column":37},"end":{"line":139,"column":38}},"loc":{"start":{"line":139,"column":48},"end":{"line":147,"column":5}},"line":139},"13":{"name":"(anonymous_13)","decl":{"start":{"line":148,"column":41},"end":{"line":148,"column":42}},"loc":{"start":{"line":148,"column":51},"end":{"line":155,"column":5}},"line":148},"14":{"name":"(anonymous_14)","decl":{"start":{"line":156,"column":42},"end":{"line":156,"column":43}},"loc":{"start":{"line":156,"column":51},"end":{"line":163,"column":5}},"line":156},"15":{"name":"(anonymous_15)","decl":{"start":{"line":165,"column":42},"end":{"line":165,"column":43}},"loc":{"start":{"line":165,"column":53},"end":{"line":175,"column":5}},"line":165}},"branchMap":{},"s":{"0":1,"1":1,"2":1,"3":1,"4":1,"5":1,"6":1,"7":1,"8":1,"9":1,"10":1,"11":1,"12":1,"13":1,"14":1,"15":1,"16":1,"17":1,"18":1,"19":1,"20":1,"21":1,"22":1,"23":1,"24":1,"25":1,"26":0,"27":0,"28":1,"29":1,"30":1,"31":1,"32":1,"33":1,"34":1,"35":1,"36":1,"37":1,"38":1,"39":1,"40":0,"41":1,"42":1,"43":1,"44":1,"45":1,"46":1,"47":1,"48":1,"49":1,"50":1,"51":1,"52":1,"53":1,"54":1,"55":1,"56":1,"57":1,"58":1,"59":1,"60":1,"61":1,"62":1,"63":1,"64":1,"65":1,"66":1,"67":1,"68":1,"69":1,"70":1,"71":1,"72":1,"73":1,"74":1,"75":1,"76":1,"77":1,"78":1,"79":1,"80":1,"81":1,"82":1,"83":1,"84":1,"85":1,"86":1,"87":1,"88":1,"89":1,"90":1,"91":1,"92":1,"93":1,"94":1,"95":1,"96":1,"97":1,"98":1,"99":1,"100":1,"101":1,"102":1,"103":1,"104":1,"105":1,"106":1,"107":1,"108":1,"109":1,"110":1,"111":1,"112":1,"113":1,"114":1,"115":1,"116":1},"f":{"0":1,"1":1,"2":1,"3":1,"4":1,"5":1,"6":1,"7":1,"8":1,"9":1,"10":1,"11":1,"12":1,"13":1,"14":1,"15":1},"b":{},"_coverageSchema":"43e27e138ebf9cfc5966b082cf9a028302ed4184","hash":"a9d79fe18ed4eb0e3508f83bbff92191087a38d5","contentHash":"2cd587b2e283a16bc4ed269d3663f34be49a27ccf7026b4225faa0f29f9e867d"}}